[0.426s] Invoking command in '/home/navigation/build/diffdrive_arduino': CMAKE_PREFIX_PATH=/home/navigation/install/serial:/home/navigation/install/diffdrive_arduino:/home/navigation/install/deserb:/home/deserb/install/diffdrive_arduino:/home/deserb/install/serial:/home/deserb/install/deserb:/home/navigation/install/nav2_gps_waypoint_follower_demo:/opt/ros/humble /usr/bin/cmake /home/navigation/src/diffdrive_arduino -DAMENT_CMAKE_SYMLINK_INSTALL=1 -DCMAKE_INSTALL_PREFIX=/home/navigation/install/diffdrive_arduino
[0.627s] -- The C compiler identification is GNU 11.4.0
[0.829s] -- The CXX compiler identification is GNU 11.4.0
[0.853s] -- Detecting C compiler ABI info
[1.087s] -- Detecting C compiler ABI info - done
[1.122s] -- Check for working C compiler: /usr/bin/cc - skipped
[1.122s] -- Detecting C compile features
[1.124s] -- Detecting C compile features - done
[1.136s] -- Detecting CXX compiler ABI info
[1.411s] -- Detecting CXX compiler ABI info - done
[1.446s] -- Check for working CXX compiler: /usr/bin/c++ - skipped
[1.447s] -- Detecting CXX compile features
[1.448s] -- Detecting CXX compile features - done
[1.467s] -- Found ament_cmake: 1.3.8 (/opt/ros/humble/share/ament_cmake/cmake)
[2.131s] -- Found Python3: /usr/bin/python3 (found version "3.10.12") found components: Interpreter 
[2.408s] -- Override CMake install command with custom implementation using symlinks instead of copying resources
[2.597s] -- Found serial: 1.2.1 (/home/navigation/install/serial/share/serial/cmake)
[2.615s] -- Found hardware_interface: 2.40.0 (/opt/ros/humble/share/hardware_interface/cmake)
[2.884s] -- Found rosidl_generator_c: 3.1.5 (/opt/ros/humble/share/rosidl_generator_c/cmake)
[2.920s] -- Found rosidl_adapter: 3.1.5 (/opt/ros/humble/share/rosidl_adapter/cmake)
[2.974s] -- Found rosidl_generator_cpp: 3.1.5 (/opt/ros/humble/share/rosidl_generator_cpp/cmake)
[3.061s] -- Using all available rosidl_typesupport_c: rosidl_typesupport_fastrtps_c;rosidl_typesupport_introspection_c
[3.172s] -- Using all available rosidl_typesupport_cpp: rosidl_typesupport_fastrtps_cpp;rosidl_typesupport_introspection_cpp
[6.687s] -- Found rmw_implementation_cmake: 6.1.1 (/opt/ros/humble/share/rmw_implementation_cmake/cmake)
[6.706s] -- Found rmw_fastrtps_cpp: 6.2.6 (/opt/ros/humble/share/rmw_fastrtps_cpp/cmake)
[6.915s] -- Found TinyXML2 via Config file: TinyXML2_DIR-NOTFOUND
[7.091s] -- Found OpenSSL: /usr/lib/aarch64-linux-gnu/libcrypto.so (found version "3.0.2")  
[7.101s] -- Found TinyXML2 via Config file: TinyXML2_DIR-NOTFOUND
[7.165s] -- Found FastRTPS: /opt/ros/humble/include  
[7.210s] -- Found TinyXML2 via Config file: TinyXML2_DIR-NOTFOUND
[7.240s] -- Found TinyXML2 via Config file: TinyXML2_DIR-NOTFOUND
[7.276s] -- Using RMW implementation 'rmw_fastrtps_cpp' as default
[7.339s] -- Looking for pthread.h
[7.598s] -- Looking for pthread.h - found
[7.599s] -- Performing Test CMAKE_HAVE_LIBC_PTHREAD
[7.867s] -- Performing Test CMAKE_HAVE_LIBC_PTHREAD - Success
[7.871s] -- Found Threads: TRUE  
[8.696s] -- Found controller_manager: 2.40.0 (/opt/ros/humble/share/controller_manager/cmake)
[15.370s] -- Configuring done
[15.616s] -- Generating done
[15.625s] -- Build files have been written to: /home/navigation/build/diffdrive_arduino
[15.668s] Invoked command in '/home/navigation/build/diffdrive_arduino' returned '0': CMAKE_PREFIX_PATH=/home/navigation/install/serial:/home/navigation/install/diffdrive_arduino:/home/navigation/install/deserb:/home/deserb/install/diffdrive_arduino:/home/deserb/install/serial:/home/deserb/install/deserb:/home/navigation/install/nav2_gps_waypoint_follower_demo:/opt/ros/humble /usr/bin/cmake /home/navigation/src/diffdrive_arduino -DAMENT_CMAKE_SYMLINK_INSTALL=1 -DCMAKE_INSTALL_PREFIX=/home/navigation/install/diffdrive_arduino
[15.673s] Invoking command in '/home/navigation/build/diffdrive_arduino': CMAKE_PREFIX_PATH=/home/navigation/install/serial:/home/navigation/install/diffdrive_arduino:/home/navigation/install/deserb:/home/deserb/install/diffdrive_arduino:/home/deserb/install/serial:/home/deserb/install/deserb:/home/navigation/install/nav2_gps_waypoint_follower_demo:/opt/ros/humble /usr/bin/cmake --build /home/navigation/build/diffdrive_arduino -- -j4 -l4
[15.859s] [ 14%] [32mBuilding CXX object CMakeFiles/fake_robot.dir/src/fake_robot.cpp.o[0m
[15.865s] [ 28%] [32mBuilding CXX object CMakeFiles/diffdrive_arduino.dir/src/diffdrive_arduino.cpp.o[0m
[15.881s] [ 42%] [32mBuilding CXX object CMakeFiles/diffdrive_arduino.dir/src/wheel.cpp.o[0m
[15.891s] [ 57%] [32mBuilding CXX object CMakeFiles/diffdrive_arduino.dir/src/arduino_comms.cpp.o[0m
[18.672s] [ 71%] [32mBuilding CXX object CMakeFiles/fake_robot.dir/src/wheel.cpp.o[0m
[36.031s] [ 85%] [32m[1mLinking CXX shared library libfake_robot.so[0m
[36.576s] [100%] [32m[1mLinking CXX shared library libdiffdrive_arduino.so[0m
[36.905s] [100%] Built target fake_robot
[37.468s] [100%] Built target diffdrive_arduino
[37.506s] Invoked command in '/home/navigation/build/diffdrive_arduino' returned '0': CMAKE_PREFIX_PATH=/home/navigation/install/serial:/home/navigation/install/diffdrive_arduino:/home/navigation/install/deserb:/home/deserb/install/diffdrive_arduino:/home/deserb/install/serial:/home/deserb/install/deserb:/home/navigation/install/nav2_gps_waypoint_follower_demo:/opt/ros/humble /usr/bin/cmake --build /home/navigation/build/diffdrive_arduino -- -j4 -l4
[37.620s] Invoking command in '/home/navigation/build/diffdrive_arduino': CMAKE_PREFIX_PATH=/home/navigation/install/serial:/home/navigation/install/diffdrive_arduino:/home/navigation/install/deserb:/home/deserb/install/diffdrive_arduino:/home/deserb/install/serial:/home/deserb/install/deserb:/home/navigation/install/nav2_gps_waypoint_follower_demo:/opt/ros/humble /usr/bin/cmake --install /home/navigation/build/diffdrive_arduino
[37.643s] -- Install configuration: ""
[37.646s] -- Execute custom install script
[37.650s] -- Symlinking: /home/navigation/install/diffdrive_arduino/share/diffdrive_arduino//robot_hardware.xml
[37.679s] -- Symlinking: /home/navigation/install/diffdrive_arduino/share/diffdrive_arduino//fake_robot_hardware.xml
[37.707s] -- Symlinking: /home/navigation/install/diffdrive_arduino/lib/libdiffdrive_arduino.so
[37.735s] -- Symlinking: /home/navigation/install/diffdrive_arduino/lib/libfake_robot.so
[37.763s] -- Symlinking: /home/navigation/install/diffdrive_arduino/share/diffdrive_arduino/controllers/robot_controller_example.yaml
[37.791s] -- Symlinking: /home/navigation/install/diffdrive_arduino/share/diffdrive_arduino/__pycache__/test_robot.launch.cpython-310.pyc
[37.819s] -- Symlinking: /home/navigation/install/diffdrive_arduino/share/diffdrive_arduino/fake_robot.launch.py
[37.846s] -- Symlinking: /home/navigation/install/diffdrive_arduino/share/diffdrive_arduino/test_robot.launch.py
[37.874s] -- Symlinking: /home/navigation/install/diffdrive_arduino/share/diffdrive_arduino/environment/library_path.sh
[37.903s] -- Symlinking: /home/navigation/install/diffdrive_arduino/share/diffdrive_arduino/environment/library_path.dsv
[37.931s] -- Symlinking: /home/navigation/install/diffdrive_arduino/share/ament_index/resource_index/package_run_dependencies/diffdrive_arduino
[37.959s] -- Symlinking: /home/navigation/install/diffdrive_arduino/share/ament_index/resource_index/parent_prefix_path/diffdrive_arduino
[37.986s] -- Symlinking: /home/navigation/install/diffdrive_arduino/share/diffdrive_arduino/environment/ament_prefix_path.sh
[38.013s] -- Symlinking: /home/navigation/install/diffdrive_arduino/share/diffdrive_arduino/environment/ament_prefix_path.dsv
[38.041s] -- Symlinking: /home/navigation/install/diffdrive_arduino/share/diffdrive_arduino/environment/path.sh
[38.068s] -- Symlinking: /home/navigation/install/diffdrive_arduino/share/diffdrive_arduino/environment/path.dsv
[38.096s] -- Symlinking: /home/navigation/install/diffdrive_arduino/share/diffdrive_arduino/local_setup.bash
[38.123s] -- Symlinking: /home/navigation/install/diffdrive_arduino/share/diffdrive_arduino/local_setup.sh
[38.150s] -- Symlinking: /home/navigation/install/diffdrive_arduino/share/diffdrive_arduino/local_setup.zsh
[38.179s] -- Symlinking: /home/navigation/install/diffdrive_arduino/share/diffdrive_arduino/local_setup.dsv
[38.207s] -- Symlinking: /home/navigation/install/diffdrive_arduino/share/diffdrive_arduino/package.dsv
[38.235s] -- Symlinking: /home/navigation/install/diffdrive_arduino/share/ament_index/resource_index/packages/diffdrive_arduino
[38.265s] -- Symlinking: /home/navigation/install/diffdrive_arduino/share/ament_index/resource_index/hardware_interface__pluginlib__plugin/diffdrive_arduino
[38.292s] -- Symlinking: /home/navigation/install/diffdrive_arduino/share/diffdrive_arduino/cmake/ament_cmake_export_libraries-extras.cmake
[38.319s] -- Symlinking: /home/navigation/install/diffdrive_arduino/share/diffdrive_arduino/cmake/ament_cmake_export_dependencies-extras.cmake
[38.347s] -- Symlinking: /home/navigation/install/diffdrive_arduino/share/diffdrive_arduino/cmake/diffdrive_arduinoConfig.cmake
[38.375s] -- Symlinking: /home/navigation/install/diffdrive_arduino/share/diffdrive_arduino/cmake/diffdrive_arduinoConfig-version.cmake
[38.403s] -- Symlinking: /home/navigation/install/diffdrive_arduino/share/diffdrive_arduino/package.xml
[38.436s] Invoked command in '/home/navigation/build/diffdrive_arduino' returned '0': CMAKE_PREFIX_PATH=/home/navigation/install/serial:/home/navigation/install/diffdrive_arduino:/home/navigation/install/deserb:/home/deserb/install/diffdrive_arduino:/home/deserb/install/serial:/home/deserb/install/deserb:/home/navigation/install/nav2_gps_waypoint_follower_demo:/opt/ros/humble /usr/bin/cmake --install /home/navigation/build/diffdrive_arduino
