[5.792s] DEBUG:colcon:Command line arguments: ['/usr/local/bin/colcon', 'build', '--symlink-install']
[5.792s] DEBUG:colcon:Parsed command line arguments: Namespace(log_base=None, log_level=None, verb_name='build', build_base='build', install_base='install', merge_install=False, symlink_install=True, test_result_base=None, continue_on_error=False, executor='parallel', parallel_workers=4, event_handlers=None, ignore_user_meta=False, metas=['./colcon.meta'], base_paths=['.'], packages_ignore=None, packages_ignore_regex=None, paths=None, packages_up_to=None, packages_up_to_regex=None, packages_above=None, packages_above_and_dependencies=None, packages_above_depth=None, packages_select_by_dep=None, packages_skip_by_dep=None, packages_skip_up_to=None, packages_select_build_failed=False, packages_skip_build_finished=False, packages_select_test_failures=False, packages_skip_test_passed=False, packages_select=None, packages_skip=None, packages_select_regex=None, packages_skip_regex=None, packages_start=None, packages_end=None, cmake_args=None, cmake_target=None, cmake_target_skip_unavailable=False, cmake_clean_cache=False, cmake_clean_first=False, cmake_force_configure=False, ament_cmake_args=None, catkin_cmake_args=None, catkin_skip_building_tests=False, verb_parser=<colcon_defaults.argument_parser.defaults.DefaultArgumentsDecorator object at 0x7f8cc5e260>, verb_extension=<colcon_core.verb.build.BuildVerb object at 0x7f8cc5e620>, main=<bound method BuildVerb.main of <colcon_core.verb.build.BuildVerb object at 0x7f8cc5e620>>)
[6.052s] Level 1:colcon.colcon_core.package_discovery:discover_packages(colcon_meta) check parameters
[6.052s] Level 1:colcon.colcon_core.package_discovery:discover_packages(recursive) check parameters
[6.053s] Level 1:colcon.colcon_core.package_discovery:discover_packages(ignore) check parameters
[6.053s] Level 1:colcon.colcon_core.package_discovery:discover_packages(path) check parameters
[6.053s] Level 1:colcon.colcon_core.package_discovery:discover_packages(colcon_meta) discover
[6.053s] Level 1:colcon.colcon_core.package_discovery:discover_packages(recursive) discover
[6.053s] INFO:colcon.colcon_core.package_discovery:Crawling recursively for packages in '/home/navigation'
[6.054s] Level 1:colcon.colcon_core.package_identification:_identify(.) by extensions ['ignore', 'ignore_ament_install']
[6.054s] Level 1:colcon.colcon_core.package_identification:_identify(.) by extension 'ignore'
[6.055s] Level 1:colcon.colcon_core.package_identification:_identify(.) by extension 'ignore_ament_install'
[6.055s] Level 1:colcon.colcon_core.package_identification:_identify(.) by extensions ['colcon_pkg']
[6.055s] Level 1:colcon.colcon_core.package_identification:_identify(.) by extension 'colcon_pkg'
[6.055s] Level 1:colcon.colcon_core.package_identification:_identify(.) by extensions ['colcon_meta']
[6.055s] Level 1:colcon.colcon_core.package_identification:_identify(.) by extension 'colcon_meta'
[6.056s] Level 1:colcon.colcon_core.package_identification:_identify(.) by extensions ['ros']
[6.056s] Level 1:colcon.colcon_core.package_identification:_identify(.) by extension 'ros'
[6.175s] Level 1:colcon.colcon_core.package_identification:_identify(.) by extensions ['cmake', 'python']
[6.176s] Level 1:colcon.colcon_core.package_identification:_identify(.) by extension 'cmake'
[6.176s] Level 1:colcon.colcon_core.package_identification:_identify(.) by extension 'python'
[6.176s] Level 1:colcon.colcon_core.package_identification:_identify(.) by extensions ['python_setup_py']
[6.176s] Level 1:colcon.colcon_core.package_identification:_identify(.) by extension 'python_setup_py'
[6.177s] Level 1:colcon.colcon_core.package_identification:_identify(build) by extensions ['ignore', 'ignore_ament_install']
[6.177s] Level 1:colcon.colcon_core.package_identification:_identify(build) by extension 'ignore'
[6.178s] Level 1:colcon.colcon_core.package_identification:_identify(build) ignored
[6.178s] Level 1:colcon.colcon_core.package_identification:_identify(install) by extensions ['ignore', 'ignore_ament_install']
[6.178s] Level 1:colcon.colcon_core.package_identification:_identify(install) by extension 'ignore'
[6.179s] Level 1:colcon.colcon_core.package_identification:_identify(install) ignored
[6.179s] Level 1:colcon.colcon_core.package_identification:_identify(log) by extensions ['ignore', 'ignore_ament_install']
[6.179s] Level 1:colcon.colcon_core.package_identification:_identify(log) by extension 'ignore'
[6.180s] Level 1:colcon.colcon_core.package_identification:_identify(log) ignored
[6.180s] Level 1:colcon.colcon_core.package_identification:_identify(src) by extensions ['ignore', 'ignore_ament_install']
[6.181s] Level 1:colcon.colcon_core.package_identification:_identify(src) by extension 'ignore'
[6.181s] Level 1:colcon.colcon_core.package_identification:_identify(src) by extension 'ignore_ament_install'
[6.181s] Level 1:colcon.colcon_core.package_identification:_identify(src) by extensions ['colcon_pkg']
[6.181s] Level 1:colcon.colcon_core.package_identification:_identify(src) by extension 'colcon_pkg'
[6.182s] Level 1:colcon.colcon_core.package_identification:_identify(src) by extensions ['colcon_meta']
[6.182s] Level 1:colcon.colcon_core.package_identification:_identify(src) by extension 'colcon_meta'
[6.182s] Level 1:colcon.colcon_core.package_identification:_identify(src) by extensions ['ros']
[6.182s] Level 1:colcon.colcon_core.package_identification:_identify(src) by extension 'ros'
[6.183s] Level 1:colcon.colcon_core.package_identification:_identify(src) by extensions ['cmake', 'python']
[6.183s] Level 1:colcon.colcon_core.package_identification:_identify(src) by extension 'cmake'
[6.183s] Level 1:colcon.colcon_core.package_identification:_identify(src) by extension 'python'
[6.183s] Level 1:colcon.colcon_core.package_identification:_identify(src) by extensions ['python_setup_py']
[6.184s] Level 1:colcon.colcon_core.package_identification:_identify(src) by extension 'python_setup_py'
[6.184s] Level 1:colcon.colcon_core.package_identification:_identify(src/deserb) by extensions ['ignore', 'ignore_ament_install']
[6.185s] Level 1:colcon.colcon_core.package_identification:_identify(src/deserb) by extension 'ignore'
[6.185s] Level 1:colcon.colcon_core.package_identification:_identify(src/deserb) by extension 'ignore_ament_install'
[6.185s] Level 1:colcon.colcon_core.package_identification:_identify(src/deserb) by extensions ['colcon_pkg']
[6.186s] Level 1:colcon.colcon_core.package_identification:_identify(src/deserb) by extension 'colcon_pkg'
[6.186s] Level 1:colcon.colcon_core.package_identification:_identify(src/deserb) by extensions ['colcon_meta']
[6.186s] Level 1:colcon.colcon_core.package_identification:_identify(src/deserb) by extension 'colcon_meta'
[6.187s] Level 1:colcon.colcon_core.package_identification:_identify(src/deserb) by extensions ['ros']
[6.187s] Level 1:colcon.colcon_core.package_identification:_identify(src/deserb) by extension 'ros'
[6.197s] DEBUG:colcon.colcon_core.package_identification:Package 'src/deserb' with type 'ros.ament_cmake' and name 'deserb'
[6.198s] Level 1:colcon.colcon_core.package_identification:_identify(src/diffdrive_arduino) by extensions ['ignore', 'ignore_ament_install']
[6.199s] Level 1:colcon.colcon_core.package_identification:_identify(src/diffdrive_arduino) by extension 'ignore'
[6.199s] Level 1:colcon.colcon_core.package_identification:_identify(src/diffdrive_arduino) by extension 'ignore_ament_install'
[6.199s] Level 1:colcon.colcon_core.package_identification:_identify(src/diffdrive_arduino) by extensions ['colcon_pkg']
[6.199s] Level 1:colcon.colcon_core.package_identification:_identify(src/diffdrive_arduino) by extension 'colcon_pkg'
[6.200s] Level 1:colcon.colcon_core.package_identification:_identify(src/diffdrive_arduino) by extensions ['colcon_meta']
[6.200s] Level 1:colcon.colcon_core.package_identification:_identify(src/diffdrive_arduino) by extension 'colcon_meta'
[6.200s] Level 1:colcon.colcon_core.package_identification:_identify(src/diffdrive_arduino) by extensions ['ros']
[6.201s] Level 1:colcon.colcon_core.package_identification:_identify(src/diffdrive_arduino) by extension 'ros'
[6.206s] DEBUG:colcon.colcon_core.package_identification:Package 'src/diffdrive_arduino' with type 'ros.ament_cmake' and name 'diffdrive_arduino'
[6.206s] Level 1:colcon.colcon_core.package_identification:_identify(src/nav2_gps_waypoint_follower_demo) by extensions ['ignore', 'ignore_ament_install']
[6.207s] Level 1:colcon.colcon_core.package_identification:_identify(src/nav2_gps_waypoint_follower_demo) by extension 'ignore'
[6.207s] Level 1:colcon.colcon_core.package_identification:_identify(src/nav2_gps_waypoint_follower_demo) by extension 'ignore_ament_install'
[6.207s] Level 1:colcon.colcon_core.package_identification:_identify(src/nav2_gps_waypoint_follower_demo) by extensions ['colcon_pkg']
[6.208s] Level 1:colcon.colcon_core.package_identification:_identify(src/nav2_gps_waypoint_follower_demo) by extension 'colcon_pkg'
[6.208s] Level 1:colcon.colcon_core.package_identification:_identify(src/nav2_gps_waypoint_follower_demo) by extensions ['colcon_meta']
[6.208s] Level 1:colcon.colcon_core.package_identification:_identify(src/nav2_gps_waypoint_follower_demo) by extension 'colcon_meta'
[6.208s] Level 1:colcon.colcon_core.package_identification:_identify(src/nav2_gps_waypoint_follower_demo) by extensions ['ros']
[6.208s] Level 1:colcon.colcon_core.package_identification:_identify(src/nav2_gps_waypoint_follower_demo) by extension 'ros'
[6.212s] DEBUG:colcon.colcon_core.package_identification:Package 'src/nav2_gps_waypoint_follower_demo' with type 'ros.ament_python' and name 'nav2_gps_waypoint_follower_demo'
[6.213s] Level 1:colcon.colcon_core.package_identification:_identify(src/serial) by extensions ['ignore', 'ignore_ament_install']
[6.213s] Level 1:colcon.colcon_core.package_identification:_identify(src/serial) by extension 'ignore'
[6.214s] Level 1:colcon.colcon_core.package_identification:_identify(src/serial) by extension 'ignore_ament_install'
[6.214s] Level 1:colcon.colcon_core.package_identification:_identify(src/serial) by extensions ['colcon_pkg']
[6.214s] Level 1:colcon.colcon_core.package_identification:_identify(src/serial) by extension 'colcon_pkg'
[6.214s] Level 1:colcon.colcon_core.package_identification:_identify(src/serial) by extensions ['colcon_meta']
[6.215s] Level 1:colcon.colcon_core.package_identification:_identify(src/serial) by extension 'colcon_meta'
[6.215s] Level 1:colcon.colcon_core.package_identification:_identify(src/serial) by extensions ['ros']
[6.215s] Level 1:colcon.colcon_core.package_identification:_identify(src/serial) by extension 'ros'
[6.218s] DEBUG:colcon.colcon_core.package_identification:Package 'src/serial' with type 'ros.ament_cmake' and name 'serial'
[6.218s] Level 1:colcon.colcon_core.package_discovery:discover_packages(recursive) using defaults
[6.218s] Level 1:colcon.colcon_core.package_discovery:discover_packages(ignore) discover
[6.218s] Level 1:colcon.colcon_core.package_discovery:discover_packages(ignore) using defaults
[6.218s] Level 1:colcon.colcon_core.package_discovery:discover_packages(path) discover
[6.219s] Level 1:colcon.colcon_core.package_discovery:discover_packages(path) using defaults
[6.648s] Level 5:colcon.colcon_core.verb:set package 'deserb' build argument 'cmake_args' from command line to 'None'
[6.648s] Level 5:colcon.colcon_core.verb:set package 'deserb' build argument 'cmake_target' from command line to 'None'
[6.649s] Level 5:colcon.colcon_core.verb:set package 'deserb' build argument 'cmake_target_skip_unavailable' from command line to 'False'
[6.649s] Level 5:colcon.colcon_core.verb:set package 'deserb' build argument 'cmake_clean_cache' from command line to 'False'
[6.649s] Level 5:colcon.colcon_core.verb:set package 'deserb' build argument 'cmake_clean_first' from command line to 'False'
[6.649s] Level 5:colcon.colcon_core.verb:set package 'deserb' build argument 'cmake_force_configure' from command line to 'False'
[6.649s] Level 5:colcon.colcon_core.verb:set package 'deserb' build argument 'ament_cmake_args' from command line to 'None'
[6.649s] Level 5:colcon.colcon_core.verb:set package 'deserb' build argument 'catkin_cmake_args' from command line to 'None'
[6.650s] Level 5:colcon.colcon_core.verb:set package 'deserb' build argument 'catkin_skip_building_tests' from command line to 'False'
[6.650s] DEBUG:colcon.colcon_core.verb:Building package 'deserb' with the following arguments: {'ament_cmake_args': None, 'build_base': '/home/navigation/build/deserb', 'catkin_cmake_args': None, 'catkin_skip_building_tests': False, 'cmake_args': None, 'cmake_clean_cache': False, 'cmake_clean_first': False, 'cmake_force_configure': False, 'cmake_target': None, 'cmake_target_skip_unavailable': False, 'install_base': '/home/navigation/install/deserb', 'merge_install': False, 'path': '/home/navigation/src/deserb', 'symlink_install': True, 'test_result_base': None}
[6.734s] Level 5:colcon.colcon_core.verb:set package 'nav2_gps_waypoint_follower_demo' build argument 'cmake_args' from command line to 'None'
[6.735s] Level 5:colcon.colcon_core.verb:set package 'nav2_gps_waypoint_follower_demo' build argument 'cmake_target' from command line to 'None'
[6.735s] Level 5:colcon.colcon_core.verb:set package 'nav2_gps_waypoint_follower_demo' build argument 'cmake_target_skip_unavailable' from command line to 'False'
[6.735s] Level 5:colcon.colcon_core.verb:set package 'nav2_gps_waypoint_follower_demo' build argument 'cmake_clean_cache' from command line to 'False'
[6.735s] Level 5:colcon.colcon_core.verb:set package 'nav2_gps_waypoint_follower_demo' build argument 'cmake_clean_first' from command line to 'False'
[6.735s] Level 5:colcon.colcon_core.verb:set package 'nav2_gps_waypoint_follower_demo' build argument 'cmake_force_configure' from command line to 'False'
[6.736s] Level 5:colcon.colcon_core.verb:set package 'nav2_gps_waypoint_follower_demo' build argument 'ament_cmake_args' from command line to 'None'
[6.736s] Level 5:colcon.colcon_core.verb:set package 'nav2_gps_waypoint_follower_demo' build argument 'catkin_cmake_args' from command line to 'None'
[6.736s] Level 5:colcon.colcon_core.verb:set package 'nav2_gps_waypoint_follower_demo' build argument 'catkin_skip_building_tests' from command line to 'False'
[6.736s] DEBUG:colcon.colcon_core.verb:Building package 'nav2_gps_waypoint_follower_demo' with the following arguments: {'ament_cmake_args': None, 'build_base': '/home/navigation/build/nav2_gps_waypoint_follower_demo', 'catkin_cmake_args': None, 'catkin_skip_building_tests': False, 'cmake_args': None, 'cmake_clean_cache': False, 'cmake_clean_first': False, 'cmake_force_configure': False, 'cmake_target': None, 'cmake_target_skip_unavailable': False, 'install_base': '/home/navigation/install/nav2_gps_waypoint_follower_demo', 'merge_install': False, 'path': '/home/navigation/src/nav2_gps_waypoint_follower_demo', 'symlink_install': True, 'test_result_base': None}
[6.821s] Level 5:colcon.colcon_core.verb:set package 'serial' build argument 'cmake_args' from command line to 'None'
[6.821s] Level 5:colcon.colcon_core.verb:set package 'serial' build argument 'cmake_target' from command line to 'None'
[6.821s] Level 5:colcon.colcon_core.verb:set package 'serial' build argument 'cmake_target_skip_unavailable' from command line to 'False'
[6.822s] Level 5:colcon.colcon_core.verb:set package 'serial' build argument 'cmake_clean_cache' from command line to 'False'
[6.822s] Level 5:colcon.colcon_core.verb:set package 'serial' build argument 'cmake_clean_first' from command line to 'False'
[6.822s] Level 5:colcon.colcon_core.verb:set package 'serial' build argument 'cmake_force_configure' from command line to 'False'
[6.822s] Level 5:colcon.colcon_core.verb:set package 'serial' build argument 'ament_cmake_args' from command line to 'None'
[6.822s] Level 5:colcon.colcon_core.verb:set package 'serial' build argument 'catkin_cmake_args' from command line to 'None'
[6.822s] Level 5:colcon.colcon_core.verb:set package 'serial' build argument 'catkin_skip_building_tests' from command line to 'False'
[6.823s] DEBUG:colcon.colcon_core.verb:Building package 'serial' with the following arguments: {'ament_cmake_args': None, 'build_base': '/home/navigation/build/serial', 'catkin_cmake_args': None, 'catkin_skip_building_tests': False, 'cmake_args': None, 'cmake_clean_cache': False, 'cmake_clean_first': False, 'cmake_force_configure': False, 'cmake_target': None, 'cmake_target_skip_unavailable': False, 'install_base': '/home/navigation/install/serial', 'merge_install': False, 'path': '/home/navigation/src/serial', 'symlink_install': True, 'test_result_base': None}
[6.911s] Level 5:colcon.colcon_core.verb:set package 'diffdrive_arduino' build argument 'cmake_args' from command line to 'None'
[6.911s] Level 5:colcon.colcon_core.verb:set package 'diffdrive_arduino' build argument 'cmake_target' from command line to 'None'
[6.911s] Level 5:colcon.colcon_core.verb:set package 'diffdrive_arduino' build argument 'cmake_target_skip_unavailable' from command line to 'False'
[6.912s] Level 5:colcon.colcon_core.verb:set package 'diffdrive_arduino' build argument 'cmake_clean_cache' from command line to 'False'
[6.912s] Level 5:colcon.colcon_core.verb:set package 'diffdrive_arduino' build argument 'cmake_clean_first' from command line to 'False'
[6.912s] Level 5:colcon.colcon_core.verb:set package 'diffdrive_arduino' build argument 'cmake_force_configure' from command line to 'False'
[6.912s] Level 5:colcon.colcon_core.verb:set package 'diffdrive_arduino' build argument 'ament_cmake_args' from command line to 'None'
[6.912s] Level 5:colcon.colcon_core.verb:set package 'diffdrive_arduino' build argument 'catkin_cmake_args' from command line to 'None'
[6.912s] Level 5:colcon.colcon_core.verb:set package 'diffdrive_arduino' build argument 'catkin_skip_building_tests' from command line to 'False'
[6.912s] DEBUG:colcon.colcon_core.verb:Building package 'diffdrive_arduino' with the following arguments: {'ament_cmake_args': None, 'build_base': '/home/navigation/build/diffdrive_arduino', 'catkin_cmake_args': None, 'catkin_skip_building_tests': False, 'cmake_args': None, 'cmake_clean_cache': False, 'cmake_clean_first': False, 'cmake_force_configure': False, 'cmake_target': None, 'cmake_target_skip_unavailable': False, 'install_base': '/home/navigation/install/diffdrive_arduino', 'merge_install': False, 'path': '/home/navigation/src/diffdrive_arduino', 'symlink_install': True, 'test_result_base': None}
[6.995s] INFO:colcon.colcon_core.executor:Executing jobs using 'parallel' executor
[7.084s] DEBUG:colcon.colcon_parallel_executor.executor.parallel:run_until_complete
[7.085s] INFO:colcon.colcon_ros.task.ament_cmake.build:Building ROS package in '/home/navigation/src/serial' with build type 'ament_cmake'
[7.086s] INFO:colcon.colcon_cmake.task.cmake.build:Building CMake package in '/home/navigation/src/serial'
[7.192s] INFO:colcon.colcon_core.plugin_system:Skipping extension 'colcon_core.shell.bat': Not used on non-Windows systems
[7.193s] INFO:colcon.colcon_core.shell:Skip shell extension 'powershell' for command environment: Not usable outside of PowerShell
[7.194s] DEBUG:colcon.colcon_core.shell:Skip shell extension 'dsv' for command environment
[7.629s] INFO:colcon.colcon_ros.task.ament_cmake.build:Building ROS package in '/home/navigation/src/deserb' with build type 'ament_cmake'
[7.630s] INFO:colcon.colcon_cmake.task.cmake.build:Building CMake package in '/home/navigation/src/deserb'
[7.721s] INFO:colcon.colcon_core.shell:Skip shell extension 'powershell' for command environment: Not usable outside of PowerShell
[7.721s] DEBUG:colcon.colcon_core.shell:Skip shell extension 'dsv' for command environment
[8.096s] INFO:colcon.colcon_ros.task.ament_python.build:Building ROS package in '/home/navigation/src/nav2_gps_waypoint_follower_demo' with build type 'ament_python'
[8.097s] Level 1:colcon.colcon_core.shell:create_environment_hook('nav2_gps_waypoint_follower_demo', 'ament_prefix_path')
[8.190s] INFO:colcon.colcon_core.shell:Creating environment hook '/home/navigation/install/nav2_gps_waypoint_follower_demo/share/nav2_gps_waypoint_follower_demo/hook/ament_prefix_path.ps1'
[8.192s] INFO:colcon.colcon_core.shell:Creating environment descriptor '/home/navigation/install/nav2_gps_waypoint_follower_demo/share/nav2_gps_waypoint_follower_demo/hook/ament_prefix_path.dsv'
[8.194s] INFO:colcon.colcon_core.shell:Creating environment hook '/home/navigation/install/nav2_gps_waypoint_follower_demo/share/nav2_gps_waypoint_follower_demo/hook/ament_prefix_path.sh'
[8.287s] INFO:colcon.colcon_core.shell:Skip shell extension 'powershell' for command environment: Not usable outside of PowerShell
[8.288s] DEBUG:colcon.colcon_core.shell:Skip shell extension 'dsv' for command environment
[8.682s] DEBUG:colcon.colcon_core.event_handler.log_command:Invoking command in '/home/navigation/build/serial': CMAKE_PREFIX_PATH=${CMAKE_PREFIX_PATH}:/home/navigation/install/nav2_gps_waypoint_follower_demo:/opt/ros/humble /usr/bin/cmake --build /home/navigation/build/serial -- -j4 -l4
[8.712s] DEBUG:colcon.colcon_core.event_handler.log_command:Invoking command in '/home/navigation/build/deserb': CMAKE_PREFIX_PATH=${CMAKE_PREFIX_PATH}:/home/navigation/install/nav2_gps_waypoint_follower_demo:/opt/ros/humble /usr/bin/cmake --build /home/navigation/build/deserb -- -j4 -l4
[10.243s] INFO:colcon.colcon_core.task.python.build:Building Python package in '/home/navigation/src/nav2_gps_waypoint_follower_demo'
[10.349s] INFO:colcon.colcon_core.shell:Skip shell extension 'powershell' for command environment: Not usable outside of PowerShell
[10.350s] DEBUG:colcon.colcon_core.shell:Skip shell extension 'dsv' for command environment
[10.735s] DEBUG:colcon.colcon_core.event_handler.log_command:Invoked command in '/home/navigation/build/deserb' returned '0': CMAKE_PREFIX_PATH=${CMAKE_PREFIX_PATH}:/home/navigation/install/nav2_gps_waypoint_follower_demo:/opt/ros/humble /usr/bin/cmake --build /home/navigation/build/deserb -- -j4 -l4
[10.737s] DEBUG:colcon.colcon_core.event_handler.log_command:Invoked command in '/home/navigation/build/serial' returned '0': CMAKE_PREFIX_PATH=${CMAKE_PREFIX_PATH}:/home/navigation/install/nav2_gps_waypoint_follower_demo:/opt/ros/humble /usr/bin/cmake --build /home/navigation/build/serial -- -j4 -l4
[10.896s] DEBUG:colcon.colcon_core.event_handler.log_command:Invoking command in '/home/navigation/build/deserb': CMAKE_PREFIX_PATH=${CMAKE_PREFIX_PATH}:/home/navigation/install/nav2_gps_waypoint_follower_demo:/opt/ros/humble /usr/bin/cmake --install /home/navigation/build/deserb
[10.991s] DEBUG:colcon.colcon_core.event_handler.log_command:Invoking command in '/home/navigation/build/serial': CMAKE_PREFIX_PATH=${CMAKE_PREFIX_PATH}:/home/navigation/install/nav2_gps_waypoint_follower_demo:/opt/ros/humble /usr/bin/cmake --install /home/navigation/build/serial
[11.037s] Level 1:colcon.colcon_core.environment:create_environment_scripts_only(deserb)
[11.047s] DEBUG:colcon.colcon_core.event_handler.log_command:Invoked command in '/home/navigation/build/deserb' returned '0': CMAKE_PREFIX_PATH=${CMAKE_PREFIX_PATH}:/home/navigation/install/nav2_gps_waypoint_follower_demo:/opt/ros/humble /usr/bin/cmake --install /home/navigation/build/deserb
[11.209s] Level 1:colcon.colcon_core.environment:checking '/home/navigation/install/deserb' for CMake module files
[11.212s] Level 1:colcon.colcon_core.environment:checking '/home/navigation/install/deserb' for CMake config files
[11.215s] Level 1:colcon.colcon_core.shell:create_environment_hook('deserb', 'cmake_prefix_path')
[11.318s] INFO:colcon.colcon_core.shell:Creating environment hook '/home/navigation/install/deserb/share/deserb/hook/cmake_prefix_path.ps1'
[11.319s] INFO:colcon.colcon_core.shell:Creating environment descriptor '/home/navigation/install/deserb/share/deserb/hook/cmake_prefix_path.dsv'
[11.321s] INFO:colcon.colcon_core.shell:Creating environment hook '/home/navigation/install/deserb/share/deserb/hook/cmake_prefix_path.sh'
[11.324s] Level 1:colcon.colcon_core.environment:checking '/home/navigation/install/deserb/bin'
[11.325s] Level 1:colcon.colcon_core.environment:checking '/home/navigation/install/deserb/lib/pkgconfig/deserb.pc'
[11.326s] Level 1:colcon.colcon_core.environment:checking '/home/navigation/install/deserb/lib/python3.10/site-packages'
[11.327s] Level 1:colcon.colcon_core.environment:checking '/home/navigation/install/deserb/bin'
[11.427s] INFO:colcon.colcon_core.shell:Creating package script '/home/navigation/install/deserb/share/deserb/package.ps1'
[11.431s] INFO:colcon.colcon_core.shell:Creating package descriptor '/home/navigation/install/deserb/share/deserb/package.dsv'
[11.434s] INFO:colcon.colcon_core.shell:Creating package script '/home/navigation/install/deserb/share/deserb/package.sh'
[11.438s] INFO:colcon.colcon_core.shell:Creating package script '/home/navigation/install/deserb/share/deserb/package.bash'
[11.442s] INFO:colcon.colcon_core.shell:Creating package script '/home/navigation/install/deserb/share/deserb/package.zsh'
[11.445s] Level 1:colcon.colcon_core.environment:create_file_with_runtime_dependencies(/home/navigation/install/deserb/share/colcon-core/packages/deserb)
[11.461s] Level 1:colcon.colcon_core.environment:create_environment_scripts_only(serial)
[11.462s] DEBUG:colcon.colcon_core.event_handler.log_command:Invoked command in '/home/navigation/build/serial' returned '0': CMAKE_PREFIX_PATH=${CMAKE_PREFIX_PATH}:/home/navigation/install/nav2_gps_waypoint_follower_demo:/opt/ros/humble /usr/bin/cmake --install /home/navigation/build/serial
[11.591s] Level 1:colcon.colcon_core.environment:checking '/home/navigation/install/serial' for CMake module files
[11.594s] Level 1:colcon.colcon_core.environment:checking '/home/navigation/install/serial' for CMake config files
[11.597s] Level 1:colcon.colcon_core.shell:create_environment_hook('serial', 'cmake_prefix_path')
[11.704s] INFO:colcon.colcon_core.shell:Creating environment hook '/home/navigation/install/serial/share/serial/hook/cmake_prefix_path.ps1'
[11.707s] INFO:colcon.colcon_core.shell:Creating environment descriptor '/home/navigation/install/serial/share/serial/hook/cmake_prefix_path.dsv'
[11.710s] INFO:colcon.colcon_core.shell:Creating environment hook '/home/navigation/install/serial/share/serial/hook/cmake_prefix_path.sh'
[11.713s] Level 1:colcon.colcon_core.environment:checking '/home/navigation/install/serial/lib'
[11.714s] Level 1:colcon.colcon_core.environment:checking '/home/navigation/install/serial/bin'
[11.715s] Level 1:colcon.colcon_core.environment:checking '/home/navigation/install/serial/lib/pkgconfig/serial.pc'
[11.716s] Level 1:colcon.colcon_core.environment:checking '/home/navigation/install/serial/lib/python3.10/site-packages'
[11.718s] Level 1:colcon.colcon_core.environment:checking '/home/navigation/install/serial/bin'
[11.820s] INFO:colcon.colcon_core.shell:Creating package script '/home/navigation/install/serial/share/serial/package.ps1'
[11.822s] INFO:colcon.colcon_core.shell:Creating package descriptor '/home/navigation/install/serial/share/serial/package.dsv'
[11.824s] INFO:colcon.colcon_core.shell:Creating package script '/home/navigation/install/serial/share/serial/package.sh'
[11.826s] INFO:colcon.colcon_core.shell:Creating package script '/home/navigation/install/serial/share/serial/package.bash'
[11.828s] INFO:colcon.colcon_core.shell:Creating package script '/home/navigation/install/serial/share/serial/package.zsh'
[11.830s] Level 1:colcon.colcon_core.environment:create_file_with_runtime_dependencies(/home/navigation/install/serial/share/colcon-core/packages/serial)
[11.956s] Level 1:colcon.colcon_core.environment:create_environment_scripts_only(deserb)
[12.057s] Level 1:colcon.colcon_core.environment:checking '/home/navigation/install/deserb' for CMake module files
[12.060s] Level 1:colcon.colcon_core.environment:checking '/home/navigation/install/deserb' for CMake config files
[12.063s] Level 1:colcon.colcon_core.shell:create_environment_hook('deserb', 'cmake_prefix_path')
[12.167s] INFO:colcon.colcon_core.shell:Creating environment hook '/home/navigation/install/deserb/share/deserb/hook/cmake_prefix_path.ps1'
[12.169s] INFO:colcon.colcon_core.shell:Creating environment descriptor '/home/navigation/install/deserb/share/deserb/hook/cmake_prefix_path.dsv'
[12.171s] INFO:colcon.colcon_core.shell:Creating environment hook '/home/navigation/install/deserb/share/deserb/hook/cmake_prefix_path.sh'
[12.173s] Level 1:colcon.colcon_core.environment:checking '/home/navigation/install/deserb/bin'
[12.173s] Level 1:colcon.colcon_core.environment:checking '/home/navigation/install/deserb/lib/pkgconfig/deserb.pc'
[12.175s] Level 1:colcon.colcon_core.environment:checking '/home/navigation/install/deserb/lib/python3.10/site-packages'
[12.176s] Level 1:colcon.colcon_core.environment:checking '/home/navigation/install/deserb/bin'
[12.277s] INFO:colcon.colcon_core.shell:Creating package script '/home/navigation/install/deserb/share/deserb/package.ps1'
[12.279s] INFO:colcon.colcon_core.shell:Creating package descriptor '/home/navigation/install/deserb/share/deserb/package.dsv'
[12.282s] INFO:colcon.colcon_core.shell:Creating package script '/home/navigation/install/deserb/share/deserb/package.sh'
[12.284s] INFO:colcon.colcon_core.shell:Creating package script '/home/navigation/install/deserb/share/deserb/package.bash'
[12.286s] INFO:colcon.colcon_core.shell:Creating package script '/home/navigation/install/deserb/share/deserb/package.zsh'
[12.288s] Level 1:colcon.colcon_core.environment:create_file_with_runtime_dependencies(/home/navigation/install/deserb/share/colcon-core/packages/deserb)
[12.416s] Level 1:colcon.colcon_core.environment:create_environment_scripts_only(serial)
[12.519s] Level 1:colcon.colcon_core.environment:checking '/home/navigation/install/serial' for CMake module files
[12.522s] Level 1:colcon.colcon_core.environment:checking '/home/navigation/install/serial' for CMake config files
[12.524s] Level 1:colcon.colcon_core.shell:create_environment_hook('serial', 'cmake_prefix_path')
[12.616s] INFO:colcon.colcon_core.shell:Creating environment hook '/home/navigation/install/serial/share/serial/hook/cmake_prefix_path.ps1'
[12.618s] INFO:colcon.colcon_core.shell:Creating environment descriptor '/home/navigation/install/serial/share/serial/hook/cmake_prefix_path.dsv'
[12.620s] INFO:colcon.colcon_core.shell:Creating environment hook '/home/navigation/install/serial/share/serial/hook/cmake_prefix_path.sh'
[12.623s] Level 1:colcon.colcon_core.environment:checking '/home/navigation/install/serial/lib'
[12.623s] Level 1:colcon.colcon_core.environment:checking '/home/navigation/install/serial/bin'
[12.624s] Level 1:colcon.colcon_core.environment:checking '/home/navigation/install/serial/lib/pkgconfig/serial.pc'
[12.625s] Level 1:colcon.colcon_core.environment:checking '/home/navigation/install/serial/lib/python3.10/site-packages'
[12.626s] Level 1:colcon.colcon_core.environment:checking '/home/navigation/install/serial/bin'
[12.725s] INFO:colcon.colcon_core.shell:Creating package script '/home/navigation/install/serial/share/serial/package.ps1'
[12.728s] INFO:colcon.colcon_core.shell:Creating package descriptor '/home/navigation/install/serial/share/serial/package.dsv'
[12.730s] INFO:colcon.colcon_core.shell:Creating package script '/home/navigation/install/serial/share/serial/package.sh'
[12.733s] INFO:colcon.colcon_core.shell:Creating package script '/home/navigation/install/serial/share/serial/package.bash'
[12.735s] INFO:colcon.colcon_core.shell:Creating package script '/home/navigation/install/serial/share/serial/package.zsh'
[12.737s] Level 1:colcon.colcon_core.environment:create_file_with_runtime_dependencies(/home/navigation/install/serial/share/colcon-core/packages/serial)
[12.739s] INFO:colcon.colcon_ros.task.ament_cmake.build:Building ROS package in '/home/navigation/src/diffdrive_arduino' with build type 'ament_cmake'
[12.739s] INFO:colcon.colcon_cmake.task.cmake.build:Building CMake package in '/home/navigation/src/diffdrive_arduino'
[12.842s] INFO:colcon.colcon_core.shell:Skip shell extension 'powershell' for command environment: Not usable outside of PowerShell
[12.842s] DEBUG:colcon.colcon_core.shell:Skip shell extension 'dsv' for command environment
[13.284s] DEBUG:colcon.colcon_core.event_handler.log_command:Invoking command in '/home/navigation/build/nav2_gps_waypoint_follower_demo': PYTHONPATH=/home/navigation/build/nav2_gps_waypoint_follower_demo/prefix_override:/home/navigation/install/nav2_gps_waypoint_follower_demo/lib/python3.10/site-packages:${PYTHONPATH} /usr/bin/python3 setup.py develop --editable --build-directory /home/navigation/build/nav2_gps_waypoint_follower_demo/build --no-deps install_data
[13.287s] DEBUG:colcon.colcon_core.event_handler.log_command:Invoking command in '/home/navigation/build/diffdrive_arduino': CMAKE_PREFIX_PATH=/home/navigation/install/serial:/home/navigation/install/diffdrive_arduino:/home/navigation/install/deserb:/home/deserb/install/diffdrive_arduino:/home/deserb/install/serial:/home/deserb/install/deserb:/home/navigation/install/nav2_gps_waypoint_follower_demo:/opt/ros/humble /usr/bin/cmake --build /home/navigation/build/diffdrive_arduino -- -j4 -l4
[13.721s] DEBUG:colcon.colcon_core.event_handler.log_command:Invoked command in '/home/navigation/build/diffdrive_arduino' returned '0': CMAKE_PREFIX_PATH=/home/navigation/install/serial:/home/navigation/install/diffdrive_arduino:/home/navigation/install/deserb:/home/deserb/install/diffdrive_arduino:/home/deserb/install/serial:/home/deserb/install/deserb:/home/navigation/install/nav2_gps_waypoint_follower_demo:/opt/ros/humble /usr/bin/cmake --build /home/navigation/build/diffdrive_arduino -- -j4 -l4
[13.967s] DEBUG:colcon.colcon_core.event_handler.log_command:Invoking command in '/home/navigation/build/diffdrive_arduino': CMAKE_PREFIX_PATH=/home/navigation/install/serial:/home/navigation/install/diffdrive_arduino:/home/navigation/install/deserb:/home/deserb/install/diffdrive_arduino:/home/deserb/install/serial:/home/deserb/install/deserb:/home/navigation/install/nav2_gps_waypoint_follower_demo:/opt/ros/humble /usr/bin/cmake --install /home/navigation/build/diffdrive_arduino
[14.088s] Level 1:colcon.colcon_core.environment:create_environment_scripts_only(diffdrive_arduino)
[14.090s] DEBUG:colcon.colcon_core.event_handler.log_command:Invoked command in '/home/navigation/build/diffdrive_arduino' returned '0': CMAKE_PREFIX_PATH=/home/navigation/install/serial:/home/navigation/install/diffdrive_arduino:/home/navigation/install/deserb:/home/deserb/install/diffdrive_arduino:/home/deserb/install/serial:/home/deserb/install/deserb:/home/navigation/install/nav2_gps_waypoint_follower_demo:/opt/ros/humble /usr/bin/cmake --install /home/navigation/build/diffdrive_arduino
[14.224s] Level 1:colcon.colcon_core.environment:checking '/home/navigation/install/diffdrive_arduino' for CMake module files
[14.228s] Level 1:colcon.colcon_core.environment:checking '/home/navigation/install/diffdrive_arduino' for CMake config files
[14.231s] Level 1:colcon.colcon_core.shell:create_environment_hook('diffdrive_arduino', 'cmake_prefix_path')
[14.326s] INFO:colcon.colcon_core.shell:Creating environment hook '/home/navigation/install/diffdrive_arduino/share/diffdrive_arduino/hook/cmake_prefix_path.ps1'
[14.330s] INFO:colcon.colcon_core.shell:Creating environment descriptor '/home/navigation/install/diffdrive_arduino/share/diffdrive_arduino/hook/cmake_prefix_path.dsv'
[14.331s] INFO:colcon.colcon_core.shell:Creating environment hook '/home/navigation/install/diffdrive_arduino/share/diffdrive_arduino/hook/cmake_prefix_path.sh'
[14.334s] Level 1:colcon.colcon_core.environment:checking '/home/navigation/install/diffdrive_arduino/lib'
[14.335s] Level 1:colcon.colcon_core.shell:create_environment_hook('diffdrive_arduino', 'ld_library_path_lib')
[14.428s] INFO:colcon.colcon_core.shell:Creating environment hook '/home/navigation/install/diffdrive_arduino/share/diffdrive_arduino/hook/ld_library_path_lib.ps1'
[14.431s] INFO:colcon.colcon_core.shell:Creating environment descriptor '/home/navigation/install/diffdrive_arduino/share/diffdrive_arduino/hook/ld_library_path_lib.dsv'
[14.433s] INFO:colcon.colcon_core.shell:Creating environment hook '/home/navigation/install/diffdrive_arduino/share/diffdrive_arduino/hook/ld_library_path_lib.sh'
[14.435s] Level 1:colcon.colcon_core.environment:checking '/home/navigation/install/diffdrive_arduino/bin'
[14.436s] Level 1:colcon.colcon_core.environment:checking '/home/navigation/install/diffdrive_arduino/lib/pkgconfig/diffdrive_arduino.pc'
[14.437s] Level 1:colcon.colcon_core.environment:checking '/home/navigation/install/diffdrive_arduino/lib/python3.10/site-packages'
[14.438s] Level 1:colcon.colcon_core.environment:checking '/home/navigation/install/diffdrive_arduino/bin'
[14.542s] INFO:colcon.colcon_core.shell:Creating package script '/home/navigation/install/diffdrive_arduino/share/diffdrive_arduino/package.ps1'
[14.546s] INFO:colcon.colcon_core.shell:Creating package descriptor '/home/navigation/install/diffdrive_arduino/share/diffdrive_arduino/package.dsv'
[14.549s] INFO:colcon.colcon_core.shell:Creating package script '/home/navigation/install/diffdrive_arduino/share/diffdrive_arduino/package.sh'
[14.552s] INFO:colcon.colcon_core.shell:Creating package script '/home/navigation/install/diffdrive_arduino/share/diffdrive_arduino/package.bash'
[14.554s] INFO:colcon.colcon_core.shell:Creating package script '/home/navigation/install/diffdrive_arduino/share/diffdrive_arduino/package.zsh'
[14.557s] Level 1:colcon.colcon_core.environment:create_file_with_runtime_dependencies(/home/navigation/install/diffdrive_arduino/share/colcon-core/packages/diffdrive_arduino)
[14.866s] Level 1:colcon.colcon_core.environment:create_environment_scripts_only(diffdrive_arduino)
[14.957s] Level 1:colcon.colcon_core.environment:checking '/home/navigation/install/diffdrive_arduino' for CMake module files
[14.961s] Level 1:colcon.colcon_core.environment:checking '/home/navigation/install/diffdrive_arduino' for CMake config files
[14.964s] Level 1:colcon.colcon_core.shell:create_environment_hook('diffdrive_arduino', 'cmake_prefix_path')
[15.061s] INFO:colcon.colcon_core.shell:Creating environment hook '/home/navigation/install/diffdrive_arduino/share/diffdrive_arduino/hook/cmake_prefix_path.ps1'
[15.064s] INFO:colcon.colcon_core.shell:Creating environment descriptor '/home/navigation/install/diffdrive_arduino/share/diffdrive_arduino/hook/cmake_prefix_path.dsv'
[15.065s] INFO:colcon.colcon_core.shell:Creating environment hook '/home/navigation/install/diffdrive_arduino/share/diffdrive_arduino/hook/cmake_prefix_path.sh'
[15.068s] Level 1:colcon.colcon_core.environment:checking '/home/navigation/install/diffdrive_arduino/lib'
[15.068s] Level 1:colcon.colcon_core.shell:create_environment_hook('diffdrive_arduino', 'ld_library_path_lib')
[15.160s] INFO:colcon.colcon_core.shell:Creating environment hook '/home/navigation/install/diffdrive_arduino/share/diffdrive_arduino/hook/ld_library_path_lib.ps1'
[15.162s] INFO:colcon.colcon_core.shell:Creating environment descriptor '/home/navigation/install/diffdrive_arduino/share/diffdrive_arduino/hook/ld_library_path_lib.dsv'
[15.164s] INFO:colcon.colcon_core.shell:Creating environment hook '/home/navigation/install/diffdrive_arduino/share/diffdrive_arduino/hook/ld_library_path_lib.sh'
[15.166s] Level 1:colcon.colcon_core.environment:checking '/home/navigation/install/diffdrive_arduino/bin'
[15.166s] Level 1:colcon.colcon_core.environment:checking '/home/navigation/install/diffdrive_arduino/lib/pkgconfig/diffdrive_arduino.pc'
[15.167s] Level 1:colcon.colcon_core.environment:checking '/home/navigation/install/diffdrive_arduino/lib/python3.10/site-packages'
[15.169s] Level 1:colcon.colcon_core.environment:checking '/home/navigation/install/diffdrive_arduino/bin'
[15.265s] INFO:colcon.colcon_core.shell:Creating package script '/home/navigation/install/diffdrive_arduino/share/diffdrive_arduino/package.ps1'
[15.269s] INFO:colcon.colcon_core.shell:Creating package descriptor '/home/navigation/install/diffdrive_arduino/share/diffdrive_arduino/package.dsv'
[15.271s] INFO:colcon.colcon_core.shell:Creating package script '/home/navigation/install/diffdrive_arduino/share/diffdrive_arduino/package.sh'
[15.274s] INFO:colcon.colcon_core.shell:Creating package script '/home/navigation/install/diffdrive_arduino/share/diffdrive_arduino/package.bash'
[15.276s] INFO:colcon.colcon_core.shell:Creating package script '/home/navigation/install/diffdrive_arduino/share/diffdrive_arduino/package.zsh'
[15.278s] Level 1:colcon.colcon_core.environment:create_file_with_runtime_dependencies(/home/navigation/install/diffdrive_arduino/share/colcon-core/packages/diffdrive_arduino)
[16.006s] Level 1:colcon.colcon_core.shell:create_environment_hook('nav2_gps_waypoint_follower_demo', 'pythonpath_develop')
[16.010s] DEBUG:colcon.colcon_core.event_handler.log_command:Invoked command in '/home/navigation/build/nav2_gps_waypoint_follower_demo' returned '0': PYTHONPATH=/home/navigation/build/nav2_gps_waypoint_follower_demo/prefix_override:/home/navigation/install/nav2_gps_waypoint_follower_demo/lib/python3.10/site-packages:${PYTHONPATH} /usr/bin/python3 setup.py develop --editable --build-directory /home/navigation/build/nav2_gps_waypoint_follower_demo/build --no-deps install_data
[16.105s] INFO:colcon.colcon_core.shell:Creating environment hook '/home/navigation/build/nav2_gps_waypoint_follower_demo/share/nav2_gps_waypoint_follower_demo/hook/pythonpath_develop.ps1'
[16.107s] INFO:colcon.colcon_core.shell:Creating environment descriptor '/home/navigation/build/nav2_gps_waypoint_follower_demo/share/nav2_gps_waypoint_follower_demo/hook/pythonpath_develop.dsv'
[16.109s] INFO:colcon.colcon_core.shell:Creating environment hook '/home/navigation/build/nav2_gps_waypoint_follower_demo/share/nav2_gps_waypoint_follower_demo/hook/pythonpath_develop.sh'
[16.202s] Level 1:colcon.colcon_core.environment:checking '/home/navigation/install/nav2_gps_waypoint_follower_demo' for CMake module files
[16.205s] Level 1:colcon.colcon_core.environment:checking '/home/navigation/install/nav2_gps_waypoint_follower_demo' for CMake config files
[16.209s] Level 1:colcon.colcon_core.environment:checking '/home/navigation/install/nav2_gps_waypoint_follower_demo/lib'
[16.209s] Level 1:colcon.colcon_core.environment:checking '/home/navigation/install/nav2_gps_waypoint_follower_demo/bin'
[16.209s] Level 1:colcon.colcon_core.environment:checking '/home/navigation/install/nav2_gps_waypoint_follower_demo/lib/pkgconfig/nav2_gps_waypoint_follower_demo.pc'
[16.211s] Level 1:colcon.colcon_core.environment:checking '/home/navigation/install/nav2_gps_waypoint_follower_demo/lib/python3.10/site-packages'
[16.211s] Level 1:colcon.colcon_core.shell:create_environment_hook('nav2_gps_waypoint_follower_demo', 'pythonpath')
[16.308s] INFO:colcon.colcon_core.shell:Creating environment hook '/home/navigation/install/nav2_gps_waypoint_follower_demo/share/nav2_gps_waypoint_follower_demo/hook/pythonpath.ps1'
[16.311s] INFO:colcon.colcon_core.shell:Creating environment descriptor '/home/navigation/install/nav2_gps_waypoint_follower_demo/share/nav2_gps_waypoint_follower_demo/hook/pythonpath.dsv'
[16.313s] INFO:colcon.colcon_core.shell:Creating environment hook '/home/navigation/install/nav2_gps_waypoint_follower_demo/share/nav2_gps_waypoint_follower_demo/hook/pythonpath.sh'
[16.316s] Level 1:colcon.colcon_core.environment:checking '/home/navigation/install/nav2_gps_waypoint_follower_demo/bin'
[16.317s] Level 1:colcon.colcon_core.environment:create_environment_scripts_only(nav2_gps_waypoint_follower_demo)
[16.412s] INFO:colcon.colcon_core.shell:Creating package script '/home/navigation/install/nav2_gps_waypoint_follower_demo/share/nav2_gps_waypoint_follower_demo/package.ps1'
[16.416s] INFO:colcon.colcon_core.shell:Creating package descriptor '/home/navigation/install/nav2_gps_waypoint_follower_demo/share/nav2_gps_waypoint_follower_demo/package.dsv'
[16.418s] INFO:colcon.colcon_core.shell:Creating package script '/home/navigation/install/nav2_gps_waypoint_follower_demo/share/nav2_gps_waypoint_follower_demo/package.sh'
[16.421s] INFO:colcon.colcon_core.shell:Creating package script '/home/navigation/install/nav2_gps_waypoint_follower_demo/share/nav2_gps_waypoint_follower_demo/package.bash'
[16.423s] INFO:colcon.colcon_core.shell:Creating package script '/home/navigation/install/nav2_gps_waypoint_follower_demo/share/nav2_gps_waypoint_follower_demo/package.zsh'
[16.425s] Level 1:colcon.colcon_core.environment:create_file_with_runtime_dependencies(/home/navigation/install/nav2_gps_waypoint_follower_demo/share/colcon-core/packages/nav2_gps_waypoint_follower_demo)
[16.427s] DEBUG:colcon.colcon_parallel_executor.executor.parallel:closing loop
[16.428s] DEBUG:colcon.colcon_parallel_executor.executor.parallel:loop closed
[16.432s] DEBUG:colcon.colcon_parallel_executor.executor.parallel:run_until_complete finished with '0'
[16.433s] DEBUG:colcon.colcon_core.event_reactor:joining thread
[16.556s] INFO:colcon.colcon_core.plugin_system:Skipping extension 'colcon_notification.desktop_notification.notify_send': Could not find 'notify-send'
[16.557s] INFO:colcon.colcon_core.plugin_system:Skipping extension 'colcon_notification.desktop_notification.terminal_notifier': Not used on non-Darwin systems
[16.557s] INFO:colcon.colcon_core.plugin_system:Skipping extension 'colcon_notification.desktop_notification.win32': Not used on non-Windows systems
[16.557s] INFO:colcon.colcon_notification.desktop_notification:Sending desktop notification using 'notify2'
[16.563s] DEBUG:colcon.colcon_notification.desktop_notification.notify2:Failed to initialize notify2: org.freedesktop.DBus.Error.Spawn.ExecFailed: /usr/bin/dbus-launch terminated abnormally without any error message
[16.564s] DEBUG:colcon.colcon_core.event_reactor:joined thread
[16.653s] INFO:colcon.colcon_core.shell:Creating prefix script '/home/navigation/install/local_setup.ps1'
[16.657s] INFO:colcon.colcon_core.shell:Creating prefix util module '/home/navigation/install/_local_setup_util_ps1.py'
[16.663s] INFO:colcon.colcon_core.shell:Creating prefix chain script '/home/navigation/install/setup.ps1'
[16.757s] INFO:colcon.colcon_core.shell:Creating prefix script '/home/navigation/install/local_setup.sh'
[16.759s] INFO:colcon.colcon_core.shell:Creating prefix util module '/home/navigation/install/_local_setup_util_sh.py'
[16.762s] INFO:colcon.colcon_core.shell:Creating prefix chain script '/home/navigation/install/setup.sh'
[16.852s] INFO:colcon.colcon_core.shell:Creating prefix script '/home/navigation/install/local_setup.bash'
[16.854s] INFO:colcon.colcon_core.shell:Creating prefix chain script '/home/navigation/install/setup.bash'
[16.944s] INFO:colcon.colcon_core.shell:Creating prefix script '/home/navigation/install/local_setup.zsh'
[16.946s] INFO:colcon.colcon_core.shell:Creating prefix chain script '/home/navigation/install/setup.zsh'
