[0.545s] Invoking command in '/home/navigation/build/diffdrive_arduino': CMAKE_PREFIX_PATH=/home/navigation/install/serial:/home/navigation/install/diffdrive_arduino:/home/navigation/install/deserb:/home/deserb/install/diffdrive_arduino:/home/deserb/install/serial:/home/deserb/install/deserb:/home/navigation/install/nav2_gps_waypoint_follower_demo:/opt/ros/humble /usr/bin/cmake --build /home/navigation/build/diffdrive_arduino -- -j4 -l4
[0.897s] [ 42%] Built target fake_robot
[0.912s] [100%] Built target diffdrive_arduino
[0.977s] Invoked command in '/home/navigation/build/diffdrive_arduino' returned '0': CMAKE_PREFIX_PATH=/home/navigation/install/serial:/home/navigation/install/diffdrive_arduino:/home/navigation/install/deserb:/home/deserb/install/diffdrive_arduino:/home/deserb/install/serial:/home/deserb/install/deserb:/home/navigation/install/nav2_gps_waypoint_follower_demo:/opt/ros/humble /usr/bin/cmake --build /home/navigation/build/diffdrive_arduino -- -j4 -l4
[1.224s] Invoking command in '/home/navigation/build/diffdrive_arduino': CMAKE_PREFIX_PATH=/home/navigation/install/serial:/home/navigation/install/diffdrive_arduino:/home/navigation/install/deserb:/home/deserb/install/diffdrive_arduino:/home/deserb/install/serial:/home/deserb/install/deserb:/home/navigation/install/nav2_gps_waypoint_follower_demo:/opt/ros/humble /usr/bin/cmake --install /home/navigation/build/diffdrive_arduino
[1.262s] -- Install configuration: ""
[1.263s] -- Execute custom install script
[1.263s] -- Up-to-date symlink: /home/navigation/install/diffdrive_arduino/share/diffdrive_arduino//robot_hardware.xml
[1.263s] -- Up-to-date symlink: /home/navigation/install/diffdrive_arduino/share/diffdrive_arduino//fake_robot_hardware.xml
[1.264s] -- Up-to-date symlink: /home/navigation/install/diffdrive_arduino/lib/libdiffdrive_arduino.so
[1.264s] -- Up-to-date symlink: /home/navigation/install/diffdrive_arduino/lib/libfake_robot.so
[1.265s] -- Up-to-date symlink: /home/navigation/install/diffdrive_arduino/share/diffdrive_arduino/controllers/robot_controller_example.yaml
[1.265s] -- Up-to-date symlink: /home/navigation/install/diffdrive_arduino/share/diffdrive_arduino/__pycache__/test_robot.launch.cpython-310.pyc
[1.270s] -- Up-to-date symlink: /home/navigation/install/diffdrive_arduino/share/diffdrive_arduino/fake_robot.launch.py
[1.271s] -- Up-to-date symlink: /home/navigation/install/diffdrive_arduino/share/diffdrive_arduino/test_robot.launch.py
[1.271s] -- Up-to-date symlink: /home/navigation/install/diffdrive_arduino/share/diffdrive_arduino/environment/library_path.sh
[1.272s] -- Up-to-date symlink: /home/navigation/install/diffdrive_arduino/share/diffdrive_arduino/environment/library_path.dsv
[1.272s] -- Up-to-date symlink: /home/navigation/install/diffdrive_arduino/share/ament_index/resource_index/package_run_dependencies/diffdrive_arduino
[1.274s] -- Up-to-date symlink: /home/navigation/install/diffdrive_arduino/share/ament_index/resource_index/parent_prefix_path/diffdrive_arduino
[1.276s] -- Up-to-date symlink: /home/navigation/install/diffdrive_arduino/share/diffdrive_arduino/environment/ament_prefix_path.sh
[1.278s] -- Up-to-date symlink: /home/navigation/install/diffdrive_arduino/share/diffdrive_arduino/environment/ament_prefix_path.dsv
[1.279s] -- Up-to-date symlink: /home/navigation/install/diffdrive_arduino/share/diffdrive_arduino/environment/path.sh
[1.281s] -- Up-to-date symlink: /home/navigation/install/diffdrive_arduino/share/diffdrive_arduino/environment/path.dsv
[1.283s] -- Up-to-date symlink: /home/navigation/install/diffdrive_arduino/share/diffdrive_arduino/local_setup.bash
[1.284s] -- Up-to-date symlink: /home/navigation/install/diffdrive_arduino/share/diffdrive_arduino/local_setup.sh
[1.286s] -- Up-to-date symlink: /home/navigation/install/diffdrive_arduino/share/diffdrive_arduino/local_setup.zsh
[1.288s] -- Up-to-date symlink: /home/navigation/install/diffdrive_arduino/share/diffdrive_arduino/local_setup.dsv
[1.289s] -- Symlinking: /home/navigation/install/diffdrive_arduino/share/diffdrive_arduino/package.dsv
[1.323s] -- Up-to-date symlink: /home/navigation/install/diffdrive_arduino/share/ament_index/resource_index/packages/diffdrive_arduino
[1.326s] -- Up-to-date symlink: /home/navigation/install/diffdrive_arduino/share/ament_index/resource_index/hardware_interface__pluginlib__plugin/diffdrive_arduino
[1.329s] -- Up-to-date symlink: /home/navigation/install/diffdrive_arduino/share/diffdrive_arduino/cmake/ament_cmake_export_libraries-extras.cmake
[1.331s] -- Up-to-date symlink: /home/navigation/install/diffdrive_arduino/share/diffdrive_arduino/cmake/ament_cmake_export_dependencies-extras.cmake
[1.333s] -- Up-to-date symlink: /home/navigation/install/diffdrive_arduino/share/diffdrive_arduino/cmake/diffdrive_arduinoConfig.cmake
[1.334s] -- Up-to-date symlink: /home/navigation/install/diffdrive_arduino/share/diffdrive_arduino/cmake/diffdrive_arduinoConfig-version.cmake
[1.336s] -- Up-to-date symlink: /home/navigation/install/diffdrive_arduino/share/diffdrive_arduino/package.xml
[1.347s] Invoked command in '/home/navigation/build/diffdrive_arduino' returned '0': CMAKE_PREFIX_PATH=/home/navigation/install/serial:/home/navigation/install/diffdrive_arduino:/home/navigation/install/deserb:/home/deserb/install/diffdrive_arduino:/home/deserb/install/serial:/home/deserb/install/deserb:/home/navigation/install/nav2_gps_waypoint_follower_demo:/opt/ros/humble /usr/bin/cmake --install /home/navigation/build/diffdrive_arduino
