[0.665s] Invoking command in '/home/navigation/build/diffdrive_arduino': CMAKE_PREFIX_PATH=/home/navigation/install/serial:/home/navigation/install/diffdrive_arduino:/home/navigation/install/deserb:/home/deserb/install/diffdrive_arduino:/home/deserb/install/serial:/home/deserb/install/deserb:/home/navigation/install/nav2_gps_waypoint_follower_demo:/opt/ros/humble /usr/bin/cmake --build /home/navigation/build/diffdrive_arduino -- -j4 -l4
[1.064s] [ 57%] Built target diffdrive_arduino
[1.314s] [100%] Built target fake_robot
[1.371s] Invoked command in '/home/navigation/build/diffdrive_arduino' returned '0': CMAKE_PREFIX_PATH=/home/navigation/install/serial:/home/navigation/install/diffdrive_arduino:/home/navigation/install/deserb:/home/deserb/install/diffdrive_arduino:/home/deserb/install/serial:/home/deserb/install/deserb:/home/navigation/install/nav2_gps_waypoint_follower_demo:/opt/ros/humble /usr/bin/cmake --build /home/navigation/build/diffdrive_arduino -- -j4 -l4
[1.696s] Invoking command in '/home/navigation/build/diffdrive_arduino': CMAKE_PREFIX_PATH=/home/navigation/install/serial:/home/navigation/install/diffdrive_arduino:/home/navigation/install/deserb:/home/deserb/install/diffdrive_arduino:/home/deserb/install/serial:/home/deserb/install/deserb:/home/navigation/install/nav2_gps_waypoint_follower_demo:/opt/ros/humble /usr/bin/cmake --install /home/navigation/build/diffdrive_arduino
[1.760s] -- Install configuration: ""
[1.762s] -- Execute custom install script
[1.763s] -- Up-to-date symlink: /home/navigation/install/diffdrive_arduino/share/diffdrive_arduino//robot_hardware.xml
[1.767s] -- Up-to-date symlink: /home/navigation/install/diffdrive_arduino/share/diffdrive_arduino//fake_robot_hardware.xml
[1.770s] -- Up-to-date symlink: /home/navigation/install/diffdrive_arduino/lib/libdiffdrive_arduino.so
[1.770s] -- Up-to-date symlink: /home/navigation/install/diffdrive_arduino/lib/libfake_robot.so
[1.772s] -- Up-to-date symlink: /home/navigation/install/diffdrive_arduino/share/diffdrive_arduino/controllers/robot_controller_example.yaml
[1.774s] -- Up-to-date symlink: /home/navigation/install/diffdrive_arduino/share/diffdrive_arduino/__pycache__/test_robot.launch.cpython-310.pyc
[1.778s] -- Up-to-date symlink: /home/navigation/install/diffdrive_arduino/share/diffdrive_arduino/fake_robot.launch.py
[1.779s] -- Up-to-date symlink: /home/navigation/install/diffdrive_arduino/share/diffdrive_arduino/test_robot.launch.py
[1.781s] -- Up-to-date symlink: /home/navigation/install/diffdrive_arduino/share/diffdrive_arduino/environment/library_path.sh
[1.782s] -- Up-to-date symlink: /home/navigation/install/diffdrive_arduino/share/diffdrive_arduino/environment/library_path.dsv
[1.787s] -- Up-to-date symlink: /home/navigation/install/diffdrive_arduino/share/ament_index/resource_index/package_run_dependencies/diffdrive_arduino
[1.794s] -- Up-to-date symlink: /home/navigation/install/diffdrive_arduino/share/ament_index/resource_index/parent_prefix_path/diffdrive_arduino
[1.797s] -- Up-to-date symlink: /home/navigation/install/diffdrive_arduino/share/diffdrive_arduino/environment/ament_prefix_path.sh
[1.797s] -- Up-to-date symlink: /home/navigation/install/diffdrive_arduino/share/diffdrive_arduino/environment/ament_prefix_path.dsv
[1.798s] -- Up-to-date symlink: /home/navigation/install/diffdrive_arduino/share/diffdrive_arduino/environment/path.sh
[1.798s] -- Up-to-date symlink: /home/navigation/install/diffdrive_arduino/share/diffdrive_arduino/environment/path.dsv
[1.799s] -- Up-to-date symlink: /home/navigation/install/diffdrive_arduino/share/diffdrive_arduino/local_setup.bash
[1.799s] -- Up-to-date symlink: /home/navigation/install/diffdrive_arduino/share/diffdrive_arduino/local_setup.sh
[1.799s] -- Up-to-date symlink: /home/navigation/install/diffdrive_arduino/share/diffdrive_arduino/local_setup.zsh
[1.800s] -- Up-to-date symlink: /home/navigation/install/diffdrive_arduino/share/diffdrive_arduino/local_setup.dsv
[1.802s] -- Symlinking: /home/navigation/install/diffdrive_arduino/share/diffdrive_arduino/package.dsv
[1.852s] -- Up-to-date symlink: /home/navigation/install/diffdrive_arduino/share/ament_index/resource_index/packages/diffdrive_arduino
[1.855s] -- Up-to-date symlink: /home/navigation/install/diffdrive_arduino/share/ament_index/resource_index/hardware_interface__pluginlib__plugin/diffdrive_arduino
[1.859s] -- Up-to-date symlink: /home/navigation/install/diffdrive_arduino/share/diffdrive_arduino/cmake/ament_cmake_export_libraries-extras.cmake
[1.861s] -- Up-to-date symlink: /home/navigation/install/diffdrive_arduino/share/diffdrive_arduino/cmake/ament_cmake_export_dependencies-extras.cmake
[1.863s] -- Up-to-date symlink: /home/navigation/install/diffdrive_arduino/share/diffdrive_arduino/cmake/diffdrive_arduinoConfig.cmake
[1.865s] -- Up-to-date symlink: /home/navigation/install/diffdrive_arduino/share/diffdrive_arduino/cmake/diffdrive_arduinoConfig-version.cmake
[1.866s] -- Up-to-date symlink: /home/navigation/install/diffdrive_arduino/share/diffdrive_arduino/package.xml
[1.879s] Invoked command in '/home/navigation/build/diffdrive_arduino' returned '0': CMAKE_PREFIX_PATH=/home/navigation/install/serial:/home/navigation/install/diffdrive_arduino:/home/navigation/install/deserb:/home/deserb/install/diffdrive_arduino:/home/deserb/install/serial:/home/deserb/install/deserb:/home/navigation/install/nav2_gps_waypoint_follower_demo:/opt/ros/humble /usr/bin/cmake --install /home/navigation/build/diffdrive_arduino
