[1.758s] Invoking command in '/home/navigation/build/serial': CMAKE_PREFIX_PATH=${CMAKE_PREFIX_PATH}:/home/navigation/install/nav2_gps_waypoint_follower_demo:/opt/ros/humble /usr/bin/cmake --build /home/navigation/build/serial -- -j4 -l4
[2.575s] [ 28%] Built target serial
[2.659s] [ 42%] Built target gtest
[2.754s] [ 57%] Built target gtest_main
[2.787s] [ 71%] Built target serial_example
[2.928s] [ 85%] Built target serial-test-timer
[2.954s] [100%] Built target serial-test
[3.970s] Invoked command in '/home/navigation/build/serial' returned '0': CMAKE_PREFIX_PATH=${CMAKE_PREFIX_PATH}:/home/navigation/install/nav2_gps_waypoint_follower_demo:/opt/ros/humble /usr/bin/cmake --build /home/navigation/build/serial -- -j4 -l4
[4.512s] Invoking command in '/home/navigation/build/serial': CMAKE_PREFIX_PATH=${CMAKE_PREFIX_PATH}:/home/navigation/install/nav2_gps_waypoint_follower_demo:/opt/ros/humble /usr/bin/cmake --install /home/navigation/build/serial
[4.593s] -- Install configuration: ""
[4.604s] -- Execute custom install script
[4.611s] -- Up-to-date symlink: /home/navigation/install/serial/lib/libserial.a
[4.617s] -- Up-to-date symlink: /home/navigation/install/serial/include/serial/serial.h
[4.618s] -- Up-to-date symlink: /home/navigation/install/serial/include/serial/v8stdint.h
[4.618s] -- Up-to-date symlink: /home/navigation/install/serial/share/serial/environment/library_path.sh
[4.618s] -- Up-to-date symlink: /home/navigation/install/serial/share/serial/environment/library_path.dsv
[4.630s] -- Up-to-date symlink: /home/navigation/install/serial/share/ament_index/resource_index/package_run_dependencies/serial
[4.631s] -- Up-to-date symlink: /home/navigation/install/serial/share/ament_index/resource_index/parent_prefix_path/serial
[4.631s] -- Up-to-date symlink: /home/navigation/install/serial/share/serial/environment/ament_prefix_path.sh
[4.642s] -- Up-to-date symlink: /home/navigation/install/serial/share/serial/environment/ament_prefix_path.dsv
[4.643s] -- Up-to-date symlink: /home/navigation/install/serial/share/serial/environment/path.sh
[4.643s] -- Up-to-date symlink: /home/navigation/install/serial/share/serial/environment/path.dsv
[4.644s] -- Up-to-date symlink: /home/navigation/install/serial/share/serial/local_setup.bash
[4.645s] -- Up-to-date symlink: /home/navigation/install/serial/share/serial/local_setup.sh
[4.646s] -- Up-to-date symlink: /home/navigation/install/serial/share/serial/local_setup.zsh
[4.650s] -- Up-to-date symlink: /home/navigation/install/serial/share/serial/local_setup.dsv
[4.651s] -- Symlinking: /home/navigation/install/serial/share/serial/package.dsv
[4.708s] -- Up-to-date symlink: /home/navigation/install/serial/share/ament_index/resource_index/packages/serial
[4.712s] -- Up-to-date symlink: /home/navigation/install/serial/share/serial/cmake/ament_cmake_export_include_directories-extras.cmake
[4.715s] -- Up-to-date symlink: /home/navigation/install/serial/share/serial/cmake/ament_cmake_export_libraries-extras.cmake
[4.716s] -- Up-to-date symlink: /home/navigation/install/serial/share/serial/cmake/serialConfig.cmake
[4.722s] -- Up-to-date symlink: /home/navigation/install/serial/share/serial/cmake/serialConfig-version.cmake
[4.723s] -- Up-to-date symlink: /home/navigation/install/serial/share/serial/package.xml
[5.063s] Invoked command in '/home/navigation/build/serial' returned '0': CMAKE_PREFIX_PATH=${CMAKE_PREFIX_PATH}:/home/navigation/install/nav2_gps_waypoint_follower_demo:/opt/ros/humble /usr/bin/cmake --install /home/navigation/build/serial
