[6.266s] Invoking command in '/home/navigation/build/nav2_gps_waypoint_follower_demo': PYTHONPATH=/home/navigation/build/nav2_gps_waypoint_follower_demo/prefix_override:/home/navigation/install/nav2_gps_waypoint_follower_demo/lib/python3.10/site-packages:${PYTHONPATH} /usr/bin/python3 setup.py develop --editable --build-directory /home/navigation/build/nav2_gps_waypoint_follower_demo/build --no-deps install_data
[7.834s] running develop
[7.838s] /usr/lib/python3/dist-packages/setuptools/command/easy_install.py:158: EasyInstallDeprecationWarning: easy_install command is deprecated. Use build and pip and other standards-based tools.
[7.839s]   warnings.warn(
[7.848s] /usr/lib/python3/dist-packages/setuptools/command/install.py:34: SetuptoolsDeprecationWarning: setup.py install is deprecated. Use build and pip and other standards-based tools.
[7.849s]   warnings.warn(
[9.065s] running egg_info
[9.067s] writing nav2_gps_waypoint_follower_demo.egg-info/PKG-INFO
[9.067s] writing dependency_links to nav2_gps_waypoint_follower_demo.egg-info/dependency_links.txt
[9.069s] writing entry points to nav2_gps_waypoint_follower_demo.egg-info/entry_points.txt
[9.070s] writing requirements to nav2_gps_waypoint_follower_demo.egg-info/requires.txt
[9.071s] writing top-level names to nav2_gps_waypoint_follower_demo.egg-info/top_level.txt
[9.082s] reading manifest file 'nav2_gps_waypoint_follower_demo.egg-info/SOURCES.txt'
[9.094s] writing manifest file 'nav2_gps_waypoint_follower_demo.egg-info/SOURCES.txt'
[9.098s] running build_ext
[9.100s] Creating /home/navigation/install/nav2_gps_waypoint_follower_demo/lib/python3.10/site-packages/nav2-gps-waypoint-follower-demo.egg-link (link to .)
[9.103s] Installing gps_waypoint_logger script to /home/navigation/install/nav2_gps_waypoint_follower_demo/lib/nav2_gps_waypoint_follower_demo
[9.104s] Installing interactive_waypoint_follower script to /home/navigation/install/nav2_gps_waypoint_follower_demo/lib/nav2_gps_waypoint_follower_demo
[9.105s] Installing logged_waypoint_follower script to /home/navigation/install/nav2_gps_waypoint_follower_demo/lib/nav2_gps_waypoint_follower_demo
[9.105s] Installing read_db script to /home/navigation/install/nav2_gps_waypoint_follower_demo/lib/nav2_gps_waypoint_follower_demo
[9.107s] 
[9.107s] Installed /home/navigation/build/nav2_gps_waypoint_follower_demo
[9.108s] running install_data
[9.282s] Invoked command in '/home/navigation/build/nav2_gps_waypoint_follower_demo' returned '0': PYTHONPATH=/home/navigation/build/nav2_gps_waypoint_follower_demo/prefix_override:/home/navigation/install/nav2_gps_waypoint_follower_demo/lib/python3.10/site-packages:${PYTHONPATH} /usr/bin/python3 setup.py develop --editable --build-directory /home/navigation/build/nav2_gps_waypoint_follower_demo/build --no-deps install_data
