[1.344s] Invoking command in '/home/navigation/build/serial': CMAKE_PREFIX_PATH=${CMAKE_PREFIX_PATH}:/home/navigation/install/nav2_gps_waypoint_follower_demo:/opt/ros/humble /usr/bin/cmake /home/navigation/src/serial -DAMENT_CMAKE_SYMLINK_INSTALL=1 -DCMAKE_INSTALL_PREFIX=/home/navigation/install/serial
[1.562s] -- The C compiler identification is GNU 11.4.0
[1.799s] -- The CXX compiler identification is GNU 11.4.0
[1.816s] -- Detecting C compiler ABI info
[2.101s] -- Detecting C compiler ABI info - done
[2.137s] -- Check for working C compiler: /usr/bin/cc - skipped
[2.138s] -- Detecting C compile features
[2.141s] -- Detecting C compile features - done
[2.152s] -- Detecting CXX compiler ABI info
[2.466s] -- Detecting CXX compiler ABI info - done
[2.502s] -- Check for working CXX compiler: /usr/bin/c++ - skipped
[2.503s] -- Detecting CXX compile features
[2.505s] -- Detecting CXX compile features - done
[2.523s] -- Found ament_cmake: 1.3.8 (/opt/ros/humble/share/ament_cmake/cmake)
[3.231s] -- Found Python3: /usr/bin/python3 (found version "3.10.12") found components: Interpreter 
[3.535s] -- Override CMake install command with custom implementation using symlinks instead of copying resources
[3.776s] -- Found ament_cmake_gtest: 1.3.8 (/opt/ros/humble/share/ament_cmake_gtest/cmake)
[3.819s] -- Found Boost: /usr/lib/aarch64-linux-gnu/cmake/Boost-1.74.0/BoostConfig.cmake (found version "1.74.0")  
[3.835s] -- Found gtest sources under '/opt/ros/humble/src/gtest_vendor': C++ tests using 'Google Test' will be built
[3.842s] -- Looking for pthread.h
[4.125s] -- Looking for pthread.h - found
[4.125s] -- Performing Test CMAKE_HAVE_LIBC_PTHREAD
[4.408s] -- Performing Test CMAKE_HAVE_LIBC_PTHREAD - Success
[4.409s] -- Found Threads: TRUE  
[4.866s] -- Configuring done
[4.917s] -- Generating done
[4.925s] -- Build files have been written to: /home/navigation/build/serial
[4.944s] Invoked command in '/home/navigation/build/serial' returned '0': CMAKE_PREFIX_PATH=${CMAKE_PREFIX_PATH}:/home/navigation/install/nav2_gps_waypoint_follower_demo:/opt/ros/humble /usr/bin/cmake /home/navigation/src/serial -DAMENT_CMAKE_SYMLINK_INSTALL=1 -DCMAKE_INSTALL_PREFIX=/home/navigation/install/serial
[4.949s] Invoking command in '/home/navigation/build/serial': CMAKE_PREFIX_PATH=${CMAKE_PREFIX_PATH}:/home/navigation/install/nav2_gps_waypoint_follower_demo:/opt/ros/humble /usr/bin/cmake --build /home/navigation/build/serial -- -j4 -l4
[5.133s] [  7%] [32mBuilding CXX object gtest/CMakeFiles/gtest_main.dir/src/gtest_main.cc.o[0m
[5.137s] [ 14%] [32mBuilding CXX object CMakeFiles/serial.dir/src/serial.cc.o[0m
[5.170s] [ 21%] [32mBuilding CXX object gtest/CMakeFiles/gtest.dir/src/gtest-all.cc.o[0m
[5.189s] [ 28%] [32mBuilding CXX object CMakeFiles/serial.dir/src/impl/unix.cc.o[0m
[8.316s] [ 35%] [32mBuilding CXX object CMakeFiles/serial.dir/src/impl/list_ports/list_ports_linux.cc.o[0m
[10.751s] [ 42%] [32m[1mLinking CXX static library libserial.a[0m
[10.977s] [ 42%] Built target serial
[11.048s] [ 50%] [32mBuilding CXX object CMakeFiles/serial_example.dir/examples/serial_example.cc.o[0m
[12.071s] [ 57%] [32m[1mLinking CXX static library libgtest_main.a[0m
[12.276s] [ 57%] Built target gtest_main
[12.606s] [ 64%] [32m[1mLinking CXX executable serial_example[0m
[12.914s] [ 64%] Built target serial_example
[21.712s] [ 71%] [32m[1mLinking CXX static library libgtest.a[0m
[22.006s] [ 71%] Built target gtest
[22.070s] [ 85%] [32mBuilding CXX object tests/CMakeFiles/serial-test-timer.dir/unit/unix_timer_tests.cc.o[0m
[22.071s] [ 85%] [32mBuilding CXX object tests/CMakeFiles/serial-test.dir/unix_serial_tests.cc.o[0m
[26.961s] In file included from [01m[K/usr/include/boost/bind.hpp:30[m[K,
[26.962s]                  from [01m[K/home/navigation/src/serial/tests/unix_serial_tests.cc:23[m[K:
[26.962s] [01m[K/usr/include/boost/bind.hpp:36:1:[m[K [01;36m[Knote: [m[K‘[01m[K#pragma message: The practice of declaring the Bind placeholders (_1, _2, ...) in the global namespace is deprecated. Please use <boost/bind/bind.hpp> + using namespace boost::placeholders, or define BOOST_BIND_GLOBAL_PLACEHOLDERS to retain the current behavior.[m[K’
[26.963s]    36 | [01;36m[KBOOST_PRAGMA_MESSAGE[m[K(
[26.963s]       | [01;36m[K^~~~~~~~~~~~~~~~~~~~[m[K
[27.022s] [ 92%] [32m[1mLinking CXX executable serial-test-timer[0m
[27.584s] [ 92%] Built target serial-test-timer
[27.904s] [100%] [32m[1mLinking CXX executable serial-test[0m
[28.474s] [100%] Built target serial-test
[28.510s] Invoked command in '/home/navigation/build/serial' returned '0': CMAKE_PREFIX_PATH=${CMAKE_PREFIX_PATH}:/home/navigation/install/nav2_gps_waypoint_follower_demo:/opt/ros/humble /usr/bin/cmake --build /home/navigation/build/serial -- -j4 -l4
[28.634s] Invoking command in '/home/navigation/build/serial': CMAKE_PREFIX_PATH=${CMAKE_PREFIX_PATH}:/home/navigation/install/nav2_gps_waypoint_follower_demo:/opt/ros/humble /usr/bin/cmake --install /home/navigation/build/serial
[28.657s] -- Install configuration: ""
[28.659s] -- Execute custom install script
[28.660s] -- Symlinking: /home/navigation/install/serial/lib/libserial.a
[28.688s] -- Symlinking: /home/navigation/install/serial/include/serial/serial.h
[28.715s] -- Symlinking: /home/navigation/install/serial/include/serial/v8stdint.h
[28.744s] -- Symlinking: /home/navigation/install/serial/share/serial/environment/library_path.sh
[28.772s] -- Symlinking: /home/navigation/install/serial/share/serial/environment/library_path.dsv
[28.801s] -- Symlinking: /home/navigation/install/serial/share/ament_index/resource_index/package_run_dependencies/serial
[28.832s] -- Symlinking: /home/navigation/install/serial/share/ament_index/resource_index/parent_prefix_path/serial
[28.860s] -- Symlinking: /home/navigation/install/serial/share/serial/environment/ament_prefix_path.sh
[28.889s] -- Symlinking: /home/navigation/install/serial/share/serial/environment/ament_prefix_path.dsv
[28.921s] -- Symlinking: /home/navigation/install/serial/share/serial/environment/path.sh
[28.948s] -- Symlinking: /home/navigation/install/serial/share/serial/environment/path.dsv
[28.975s] -- Symlinking: /home/navigation/install/serial/share/serial/local_setup.bash
[29.003s] -- Symlinking: /home/navigation/install/serial/share/serial/local_setup.sh
[29.032s] -- Symlinking: /home/navigation/install/serial/share/serial/local_setup.zsh
[29.060s] -- Symlinking: /home/navigation/install/serial/share/serial/local_setup.dsv
[29.086s] -- Symlinking: /home/navigation/install/serial/share/serial/package.dsv
[29.114s] -- Symlinking: /home/navigation/install/serial/share/ament_index/resource_index/packages/serial
[29.142s] -- Symlinking: /home/navigation/install/serial/share/serial/cmake/ament_cmake_export_include_directories-extras.cmake
[29.179s] -- Symlinking: /home/navigation/install/serial/share/serial/cmake/ament_cmake_export_libraries-extras.cmake
[29.208s] -- Symlinking: /home/navigation/install/serial/share/serial/cmake/serialConfig.cmake
[29.235s] -- Symlinking: /home/navigation/install/serial/share/serial/cmake/serialConfig-version.cmake
[29.262s] -- Symlinking: /home/navigation/install/serial/share/serial/package.xml
[29.296s] Invoked command in '/home/navigation/build/serial' returned '0': CMAKE_PREFIX_PATH=${CMAKE_PREFIX_PATH}:/home/navigation/install/nav2_gps_waypoint_follower_demo:/opt/ros/humble /usr/bin/cmake --install /home/navigation/build/serial
