[0.486s] Invoking command in '/home/navigation/build/diffdrive_arduino': CMAKE_PREFIX_PATH=/home/navigation/install/serial:/home/navigation/install/diffdrive_arduino:/home/navigation/install/deserb:/home/deserb/install/diffdrive_arduino:/home/deserb/install/serial:/home/deserb/install/deserb:/home/navigation/install/nav2_gps_waypoint_follower_demo:/opt/ros/humble /usr/bin/cmake --build /home/navigation/build/diffdrive_arduino -- -j4 -l4
[0.639s] [35m[1mConsolidate compiler generated dependencies of target diffdrive_arduino[0m
[0.647s] [35m[1mConsolidate compiler generated dependencies of target fake_robot[0m
[0.737s] [ 57%] Built target diffdrive_arduino
[0.739s] [100%] Built target fake_robot
[0.777s] Invoked command in '/home/navigation/build/diffdrive_arduino' returned '0': CMAKE_PREFIX_PATH=/home/navigation/install/serial:/home/navigation/install/diffdrive_arduino:/home/navigation/install/deserb:/home/deserb/install/diffdrive_arduino:/home/deserb/install/serial:/home/deserb/install/deserb:/home/navigation/install/nav2_gps_waypoint_follower_demo:/opt/ros/humble /usr/bin/cmake --build /home/navigation/build/diffdrive_arduino -- -j4 -l4
[0.893s] Invoking command in '/home/navigation/build/diffdrive_arduino': CMAKE_PREFIX_PATH=/home/navigation/install/serial:/home/navigation/install/diffdrive_arduino:/home/navigation/install/deserb:/home/deserb/install/diffdrive_arduino:/home/deserb/install/serial:/home/deserb/install/deserb:/home/navigation/install/nav2_gps_waypoint_follower_demo:/opt/ros/humble /usr/bin/cmake --install /home/navigation/build/diffdrive_arduino
[0.920s] -- Install configuration: ""
[0.921s] -- Execute custom install script
[0.922s] -- Up-to-date symlink: /home/navigation/install/diffdrive_arduino/share/diffdrive_arduino//robot_hardware.xml
[0.923s] -- Up-to-date symlink: /home/navigation/install/diffdrive_arduino/share/diffdrive_arduino//fake_robot_hardware.xml
[0.924s] -- Up-to-date symlink: /home/navigation/install/diffdrive_arduino/lib/libdiffdrive_arduino.so
[0.925s] -- Up-to-date symlink: /home/navigation/install/diffdrive_arduino/lib/libfake_robot.so
[0.926s] -- Up-to-date symlink: /home/navigation/install/diffdrive_arduino/share/diffdrive_arduino/controllers/robot_controller_example.yaml
[0.927s] -- Up-to-date symlink: /home/navigation/install/diffdrive_arduino/share/diffdrive_arduino/__pycache__/test_robot.launch.cpython-310.pyc
[0.928s] -- Up-to-date symlink: /home/navigation/install/diffdrive_arduino/share/diffdrive_arduino/fake_robot.launch.py
[0.928s] -- Up-to-date symlink: /home/navigation/install/diffdrive_arduino/share/diffdrive_arduino/test_robot.launch.py
[0.929s] -- Up-to-date symlink: /home/navigation/install/diffdrive_arduino/share/diffdrive_arduino/environment/library_path.sh
[0.930s] -- Up-to-date symlink: /home/navigation/install/diffdrive_arduino/share/diffdrive_arduino/environment/library_path.dsv
[0.931s] -- Up-to-date symlink: /home/navigation/install/diffdrive_arduino/share/ament_index/resource_index/package_run_dependencies/diffdrive_arduino
[0.931s] -- Up-to-date symlink: /home/navigation/install/diffdrive_arduino/share/ament_index/resource_index/parent_prefix_path/diffdrive_arduino
[0.932s] -- Up-to-date symlink: /home/navigation/install/diffdrive_arduino/share/diffdrive_arduino/environment/ament_prefix_path.sh
[0.933s] -- Up-to-date symlink: /home/navigation/install/diffdrive_arduino/share/diffdrive_arduino/environment/ament_prefix_path.dsv
[0.934s] -- Up-to-date symlink: /home/navigation/install/diffdrive_arduino/share/diffdrive_arduino/environment/path.sh
[0.934s] -- Up-to-date symlink: /home/navigation/install/diffdrive_arduino/share/diffdrive_arduino/environment/path.dsv
[0.935s] -- Up-to-date symlink: /home/navigation/install/diffdrive_arduino/share/diffdrive_arduino/local_setup.bash
[0.936s] -- Up-to-date symlink: /home/navigation/install/diffdrive_arduino/share/diffdrive_arduino/local_setup.sh
[0.937s] -- Up-to-date symlink: /home/navigation/install/diffdrive_arduino/share/diffdrive_arduino/local_setup.zsh
[0.937s] -- Up-to-date symlink: /home/navigation/install/diffdrive_arduino/share/diffdrive_arduino/local_setup.dsv
[0.938s] -- Symlinking: /home/navigation/install/diffdrive_arduino/share/diffdrive_arduino/package.dsv
[0.968s] -- Up-to-date symlink: /home/navigation/install/diffdrive_arduino/share/ament_index/resource_index/packages/diffdrive_arduino
[0.969s] -- Up-to-date symlink: /home/navigation/install/diffdrive_arduino/share/ament_index/resource_index/hardware_interface__pluginlib__plugin/diffdrive_arduino
[0.977s] -- Up-to-date symlink: /home/navigation/install/diffdrive_arduino/share/diffdrive_arduino/cmake/ament_cmake_export_libraries-extras.cmake
[0.978s] -- Up-to-date symlink: /home/navigation/install/diffdrive_arduino/share/diffdrive_arduino/cmake/ament_cmake_export_dependencies-extras.cmake
[0.979s] -- Up-to-date symlink: /home/navigation/install/diffdrive_arduino/share/diffdrive_arduino/cmake/diffdrive_arduinoConfig.cmake
[0.990s] -- Up-to-date symlink: /home/navigation/install/diffdrive_arduino/share/diffdrive_arduino/cmake/diffdrive_arduinoConfig-version.cmake
[0.990s] -- Up-to-date symlink: /home/navigation/install/diffdrive_arduino/share/diffdrive_arduino/package.xml
[0.999s] Invoked command in '/home/navigation/build/diffdrive_arduino' returned '0': CMAKE_PREFIX_PATH=/home/navigation/install/serial:/home/navigation/install/diffdrive_arduino:/home/navigation/install/deserb:/home/deserb/install/diffdrive_arduino:/home/deserb/install/serial:/home/deserb/install/deserb:/home/navigation/install/nav2_gps_waypoint_follower_demo:/opt/ros/humble /usr/bin/cmake --install /home/navigation/build/diffdrive_arduino
