[1.594s] Invoking command in '/home/navigation/build/serial': CMAKE_PREFIX_PATH=${CMAKE_PREFIX_PATH}:/home/navigation/install/nav2_gps_waypoint_follower_demo:/opt/ros/humble /usr/bin/cmake --build /home/navigation/build/serial -- -j4 -l4
[2.088s] [ 14%] Built target gtest
[2.096s] [ 28%] Built target gtest_main
[2.136s] [ 57%] Built target serial
[2.297s] [ 71%] Built target serial_example
[2.315s] [ 85%] Built target serial-test
[2.324s] [100%] Built target serial-test-timer
[3.649s] Invoked command in '/home/navigation/build/serial' returned '0': CMAKE_PREFIX_PATH=${CMAKE_PREFIX_PATH}:/home/navigation/install/nav2_gps_waypoint_follower_demo:/opt/ros/humble /usr/bin/cmake --build /home/navigation/build/serial -- -j4 -l4
[3.903s] Invoking command in '/home/navigation/build/serial': CMAKE_PREFIX_PATH=${CMAKE_PREFIX_PATH}:/home/navigation/install/nav2_gps_waypoint_follower_demo:/opt/ros/humble /usr/bin/cmake --install /home/navigation/build/serial
[3.970s] -- Install configuration: ""
[3.982s] -- Execute custom install script
[3.984s] -- Up-to-date symlink: /home/navigation/install/serial/lib/libserial.a
[3.985s] -- Up-to-date symlink: /home/navigation/install/serial/include/serial/serial.h
[3.988s] -- Up-to-date symlink: /home/navigation/install/serial/include/serial/v8stdint.h
[3.988s] -- Up-to-date symlink: /home/navigation/install/serial/share/serial/environment/library_path.sh
[3.989s] -- Up-to-date symlink: /home/navigation/install/serial/share/serial/environment/library_path.dsv
[3.990s] -- Up-to-date symlink: /home/navigation/install/serial/share/ament_index/resource_index/package_run_dependencies/serial
[3.994s] -- Up-to-date symlink: /home/navigation/install/serial/share/ament_index/resource_index/parent_prefix_path/serial
[3.995s] -- Up-to-date symlink: /home/navigation/install/serial/share/serial/environment/ament_prefix_path.sh
[3.995s] -- Up-to-date symlink: /home/navigation/install/serial/share/serial/environment/ament_prefix_path.dsv
[3.996s] -- Up-to-date symlink: /home/navigation/install/serial/share/serial/environment/path.sh
[3.997s] -- Up-to-date symlink: /home/navigation/install/serial/share/serial/environment/path.dsv
[3.998s] -- Up-to-date symlink: /home/navigation/install/serial/share/serial/local_setup.bash
[3.998s] -- Up-to-date symlink: /home/navigation/install/serial/share/serial/local_setup.sh
[4.000s] -- Up-to-date symlink: /home/navigation/install/serial/share/serial/local_setup.zsh
[4.001s] -- Up-to-date symlink: /home/navigation/install/serial/share/serial/local_setup.dsv
[4.001s] -- Symlinking: /home/navigation/install/serial/share/serial/package.dsv
[4.049s] -- Up-to-date symlink: /home/navigation/install/serial/share/ament_index/resource_index/packages/serial
[4.051s] -- Up-to-date symlink: /home/navigation/install/serial/share/serial/cmake/ament_cmake_export_include_directories-extras.cmake
[4.052s] -- Up-to-date symlink: /home/navigation/install/serial/share/serial/cmake/ament_cmake_export_libraries-extras.cmake
[4.052s] -- Up-to-date symlink: /home/navigation/install/serial/share/serial/cmake/serialConfig.cmake
[4.053s] -- Up-to-date symlink: /home/navigation/install/serial/share/serial/cmake/serialConfig-version.cmake
[4.055s] -- Up-to-date symlink: /home/navigation/install/serial/share/serial/package.xml
[4.374s] Invoked command in '/home/navigation/build/serial' returned '0': CMAKE_PREFIX_PATH=${CMAKE_PREFIX_PATH}:/home/navigation/install/nav2_gps_waypoint_follower_demo:/opt/ros/humble /usr/bin/cmake --install /home/navigation/build/serial
