[5.187s] Invoking command in '/home/navigation/build/nav2_gps_waypoint_follower_demo': PYTHONPATH=/home/navigation/build/nav2_gps_waypoint_follower_demo/prefix_override:/home/navigation/install/nav2_gps_waypoint_follower_demo/lib/python3.10/site-packages:${PYTHONPATH} /usr/bin/python3 setup.py develop --editable --build-directory /home/navigation/build/nav2_gps_waypoint_follower_demo/build --no-deps install_data
[6.730s] /usr/lib/python3/dist-packages/setuptools/command/easy_install.py:158: EasyInstallDeprecationWarning: easy_install command is deprecated. Use build and pip and other standards-based tools.
[6.730s]   warnings.warn(
[6.733s] running develop
[6.737s] /usr/lib/python3/dist-packages/setuptools/command/install.py:34: SetuptoolsDeprecationWarning: setup.py install is deprecated. Use build and pip and other standards-based tools.
[6.738s]   warnings.warn(
[7.718s] running egg_info
[7.719s] writing nav2_gps_waypoint_follower_demo.egg-info/PKG-INFO
[7.722s] writing dependency_links to nav2_gps_waypoint_follower_demo.egg-info/dependency_links.txt
[7.722s] writing entry points to nav2_gps_waypoint_follower_demo.egg-info/entry_points.txt
[7.722s] writing requirements to nav2_gps_waypoint_follower_demo.egg-info/requires.txt
[7.723s] writing top-level names to nav2_gps_waypoint_follower_demo.egg-info/top_level.txt
[7.732s] reading manifest file 'nav2_gps_waypoint_follower_demo.egg-info/SOURCES.txt'
[7.738s] writing manifest file 'nav2_gps_waypoint_follower_demo.egg-info/SOURCES.txt'
[7.744s] running build_ext
[7.746s] Creating /home/navigation/install/nav2_gps_waypoint_follower_demo/lib/python3.10/site-packages/nav2-gps-waypoint-follower-demo.egg-link (link to .)
[7.750s] Installing gps_waypoint_logger script to /home/navigation/install/nav2_gps_waypoint_follower_demo/lib/nav2_gps_waypoint_follower_demo
[7.750s] Installing interactive_waypoint_follower script to /home/navigation/install/nav2_gps_waypoint_follower_demo/lib/nav2_gps_waypoint_follower_demo
[7.751s] Installing logged_waypoint_follower script to /home/navigation/install/nav2_gps_waypoint_follower_demo/lib/nav2_gps_waypoint_follower_demo
[7.752s] Installing read_db script to /home/navigation/install/nav2_gps_waypoint_follower_demo/lib/nav2_gps_waypoint_follower_demo
[7.753s] 
[7.753s] Installed /home/navigation/build/nav2_gps_waypoint_follower_demo
[7.754s] running install_data
[7.911s] Invoked command in '/home/navigation/build/nav2_gps_waypoint_follower_demo' returned '0': PYTHONPATH=/home/navigation/build/nav2_gps_waypoint_follower_demo/prefix_override:/home/navigation/install/nav2_gps_waypoint_follower_demo/lib/python3.10/site-packages:${PYTHONPATH} /usr/bin/python3 setup.py develop --editable --build-directory /home/navigation/build/nav2_gps_waypoint_follower_demo/build --no-deps install_data
