[4.580s] Invoking command in '/home/navigation/build/nav2_gps_waypoint_follower_demo': PYTHONPATH=/home/navigation/build/nav2_gps_waypoint_follower_demo/prefix_override:/home/navigation/install/nav2_gps_waypoint_follower_demo/lib/python3.10/site-packages:${PYTHONPATH} /usr/bin/python3 setup.py develop --editable --build-directory /home/navigation/build/nav2_gps_waypoint_follower_demo/build --no-deps install_data
[6.147s] running develop
[6.150s] /usr/lib/python3/dist-packages/setuptools/command/easy_install.py:158: EasyInstallDeprecationWarning: easy_install command is deprecated. Use build and pip and other standards-based tools.
[6.150s]   warnings.warn(
[6.155s] /usr/lib/python3/dist-packages/setuptools/command/install.py:34: SetuptoolsDeprecationWarning: setup.py install is deprecated. Use build and pip and other standards-based tools.
[6.156s]   warnings.warn(
[6.971s] running egg_info
[6.972s] writing nav2_gps_waypoint_follower_demo.egg-info/PKG-INFO
[6.973s] writing dependency_links to nav2_gps_waypoint_follower_demo.egg-info/dependency_links.txt
[6.974s] writing entry points to nav2_gps_waypoint_follower_demo.egg-info/entry_points.txt
[6.974s] writing requirements to nav2_gps_waypoint_follower_demo.egg-info/requires.txt
[6.975s] writing top-level names to nav2_gps_waypoint_follower_demo.egg-info/top_level.txt
[6.984s] reading manifest file 'nav2_gps_waypoint_follower_demo.egg-info/SOURCES.txt'
[6.990s] writing manifest file 'nav2_gps_waypoint_follower_demo.egg-info/SOURCES.txt'
[6.995s] running build_ext
[6.996s] Creating /home/navigation/install/nav2_gps_waypoint_follower_demo/lib/python3.10/site-packages/nav2-gps-waypoint-follower-demo.egg-link (link to .)
[7.000s] Installing gps_waypoint_logger script to /home/navigation/install/nav2_gps_waypoint_follower_demo/lib/nav2_gps_waypoint_follower_demo
[7.001s] Installing interactive_waypoint_follower script to /home/navigation/install/nav2_gps_waypoint_follower_demo/lib/nav2_gps_waypoint_follower_demo
[7.001s] Installing logged_waypoint_follower script to /home/navigation/install/nav2_gps_waypoint_follower_demo/lib/nav2_gps_waypoint_follower_demo
[7.002s] Installing read_db script to /home/navigation/install/nav2_gps_waypoint_follower_demo/lib/nav2_gps_waypoint_follower_demo
[7.002s] 
[7.003s] Installed /home/navigation/build/nav2_gps_waypoint_follower_demo
[7.003s] running install_data
[7.153s] Invoked command in '/home/navigation/build/nav2_gps_waypoint_follower_demo' returned '0': PYTHONPATH=/home/navigation/build/nav2_gps_waypoint_follower_demo/prefix_override:/home/navigation/install/nav2_gps_waypoint_follower_demo/lib/python3.10/site-packages:${PYTHONPATH} /usr/bin/python3 setup.py develop --editable --build-directory /home/navigation/build/nav2_gps_waypoint_follower_demo/build --no-deps install_data
