[4.081s] DEBUG:colcon:Command line arguments: ['/usr/local/bin/colcon', 'build', '--symlink-instal']
[4.081s] DEBUG:colcon:Parsed command line arguments: Namespace(log_base=None, log_level=None, verb_name='build', build_base='build', install_base='install', merge_install=False, symlink_install=True, test_result_base=None, continue_on_error=False, executor='parallel', parallel_workers=4, event_handlers=None, ignore_user_meta=False, metas=['./colcon.meta'], base_paths=['.'], packages_ignore=None, packages_ignore_regex=None, paths=None, packages_up_to=None, packages_up_to_regex=None, packages_above=None, packages_above_and_dependencies=None, packages_above_depth=None, packages_select_by_dep=None, packages_skip_by_dep=None, packages_skip_up_to=None, packages_select_build_failed=False, packages_skip_build_finished=False, packages_select_test_failures=False, packages_skip_test_passed=False, packages_select=None, packages_skip=None, packages_select_regex=None, packages_skip_regex=None, packages_start=None, packages_end=None, cmake_args=None, cmake_target=None, cmake_target_skip_unavailable=False, cmake_clean_cache=False, cmake_clean_first=False, cmake_force_configure=False, ament_cmake_args=None, catkin_cmake_args=None, catkin_skip_building_tests=False, verb_parser=<colcon_defaults.argument_parser.defaults.DefaultArgumentsDecorator object at 0x7f8c7a5ff0>, verb_extension=<colcon_core.verb.build.BuildVerb object at 0x7f8c7974c0>, main=<bound method BuildVerb.main of <colcon_core.verb.build.BuildVerb object at 0x7f8c7974c0>>)
[4.322s] Level 1:colcon.colcon_core.package_discovery:discover_packages(colcon_meta) check parameters
[4.323s] Level 1:colcon.colcon_core.package_discovery:discover_packages(recursive) check parameters
[4.323s] Level 1:colcon.colcon_core.package_discovery:discover_packages(ignore) check parameters
[4.323s] Level 1:colcon.colcon_core.package_discovery:discover_packages(path) check parameters
[4.324s] Level 1:colcon.colcon_core.package_discovery:discover_packages(colcon_meta) discover
[4.324s] Level 1:colcon.colcon_core.package_discovery:discover_packages(recursive) discover
[4.324s] INFO:colcon.colcon_core.package_discovery:Crawling recursively for packages in '/home/navigation'
[4.325s] Level 1:colcon.colcon_core.package_identification:_identify(.) by extensions ['ignore', 'ignore_ament_install']
[4.325s] Level 1:colcon.colcon_core.package_identification:_identify(.) by extension 'ignore'
[4.326s] Level 1:colcon.colcon_core.package_identification:_identify(.) by extension 'ignore_ament_install'
[4.326s] Level 1:colcon.colcon_core.package_identification:_identify(.) by extensions ['colcon_pkg']
[4.326s] Level 1:colcon.colcon_core.package_identification:_identify(.) by extension 'colcon_pkg'
[4.326s] Level 1:colcon.colcon_core.package_identification:_identify(.) by extensions ['colcon_meta']
[4.327s] Level 1:colcon.colcon_core.package_identification:_identify(.) by extension 'colcon_meta'
[4.327s] Level 1:colcon.colcon_core.package_identification:_identify(.) by extensions ['ros']
[4.327s] Level 1:colcon.colcon_core.package_identification:_identify(.) by extension 'ros'
[4.484s] Level 1:colcon.colcon_core.package_identification:_identify(.) by extensions ['cmake', 'python']
[4.484s] Level 1:colcon.colcon_core.package_identification:_identify(.) by extension 'cmake'
[4.485s] Level 1:colcon.colcon_core.package_identification:_identify(.) by extension 'python'
[4.485s] Level 1:colcon.colcon_core.package_identification:_identify(.) by extensions ['python_setup_py']
[4.485s] Level 1:colcon.colcon_core.package_identification:_identify(.) by extension 'python_setup_py'
[4.486s] Level 1:colcon.colcon_core.package_identification:_identify(build) by extensions ['ignore', 'ignore_ament_install']
[4.487s] Level 1:colcon.colcon_core.package_identification:_identify(build) by extension 'ignore'
[4.487s] Level 1:colcon.colcon_core.package_identification:_identify(build) ignored
[4.487s] Level 1:colcon.colcon_core.package_identification:_identify(install) by extensions ['ignore', 'ignore_ament_install']
[4.488s] Level 1:colcon.colcon_core.package_identification:_identify(install) by extension 'ignore'
[4.488s] Level 1:colcon.colcon_core.package_identification:_identify(install) ignored
[4.489s] Level 1:colcon.colcon_core.package_identification:_identify(log) by extensions ['ignore', 'ignore_ament_install']
[4.489s] Level 1:colcon.colcon_core.package_identification:_identify(log) by extension 'ignore'
[4.489s] Level 1:colcon.colcon_core.package_identification:_identify(log) ignored
[4.490s] Level 1:colcon.colcon_core.package_identification:_identify(src) by extensions ['ignore', 'ignore_ament_install']
[4.490s] Level 1:colcon.colcon_core.package_identification:_identify(src) by extension 'ignore'
[4.490s] Level 1:colcon.colcon_core.package_identification:_identify(src) by extension 'ignore_ament_install'
[4.491s] Level 1:colcon.colcon_core.package_identification:_identify(src) by extensions ['colcon_pkg']
[4.491s] Level 1:colcon.colcon_core.package_identification:_identify(src) by extension 'colcon_pkg'
[4.491s] Level 1:colcon.colcon_core.package_identification:_identify(src) by extensions ['colcon_meta']
[4.492s] Level 1:colcon.colcon_core.package_identification:_identify(src) by extension 'colcon_meta'
[4.492s] Level 1:colcon.colcon_core.package_identification:_identify(src) by extensions ['ros']
[4.492s] Level 1:colcon.colcon_core.package_identification:_identify(src) by extension 'ros'
[4.493s] Level 1:colcon.colcon_core.package_identification:_identify(src) by extensions ['cmake', 'python']
[4.493s] Level 1:colcon.colcon_core.package_identification:_identify(src) by extension 'cmake'
[4.493s] Level 1:colcon.colcon_core.package_identification:_identify(src) by extension 'python'
[4.493s] Level 1:colcon.colcon_core.package_identification:_identify(src) by extensions ['python_setup_py']
[4.494s] Level 1:colcon.colcon_core.package_identification:_identify(src) by extension 'python_setup_py'
[4.494s] Level 1:colcon.colcon_core.package_identification:_identify(src/deserb) by extensions ['ignore', 'ignore_ament_install']
[4.495s] Level 1:colcon.colcon_core.package_identification:_identify(src/deserb) by extension 'ignore'
[4.495s] Level 1:colcon.colcon_core.package_identification:_identify(src/deserb) by extension 'ignore_ament_install'
[4.496s] Level 1:colcon.colcon_core.package_identification:_identify(src/deserb) by extensions ['colcon_pkg']
[4.496s] Level 1:colcon.colcon_core.package_identification:_identify(src/deserb) by extension 'colcon_pkg'
[4.496s] Level 1:colcon.colcon_core.package_identification:_identify(src/deserb) by extensions ['colcon_meta']
[4.496s] Level 1:colcon.colcon_core.package_identification:_identify(src/deserb) by extension 'colcon_meta'
[4.497s] Level 1:colcon.colcon_core.package_identification:_identify(src/deserb) by extensions ['ros']
[4.497s] Level 1:colcon.colcon_core.package_identification:_identify(src/deserb) by extension 'ros'
[4.511s] DEBUG:colcon.colcon_core.package_identification:Package 'src/deserb' with type 'ros.ament_cmake' and name 'deserb'
[4.512s] Level 1:colcon.colcon_core.package_identification:_identify(src/diffdrive_arduino) by extensions ['ignore', 'ignore_ament_install']
[4.512s] Level 1:colcon.colcon_core.package_identification:_identify(src/diffdrive_arduino) by extension 'ignore'
[4.513s] Level 1:colcon.colcon_core.package_identification:_identify(src/diffdrive_arduino) by extension 'ignore_ament_install'
[4.513s] Level 1:colcon.colcon_core.package_identification:_identify(src/diffdrive_arduino) by extensions ['colcon_pkg']
[4.513s] Level 1:colcon.colcon_core.package_identification:_identify(src/diffdrive_arduino) by extension 'colcon_pkg'
[4.513s] Level 1:colcon.colcon_core.package_identification:_identify(src/diffdrive_arduino) by extensions ['colcon_meta']
[4.514s] Level 1:colcon.colcon_core.package_identification:_identify(src/diffdrive_arduino) by extension 'colcon_meta'
[4.514s] Level 1:colcon.colcon_core.package_identification:_identify(src/diffdrive_arduino) by extensions ['ros']
[4.514s] Level 1:colcon.colcon_core.package_identification:_identify(src/diffdrive_arduino) by extension 'ros'
[4.523s] DEBUG:colcon.colcon_core.package_identification:Package 'src/diffdrive_arduino' with type 'ros.ament_cmake' and name 'diffdrive_arduino'
[4.524s] Level 1:colcon.colcon_core.package_identification:_identify(src/nav2_gps_waypoint_follower_demo) by extensions ['ignore', 'ignore_ament_install']
[4.525s] Level 1:colcon.colcon_core.package_identification:_identify(src/nav2_gps_waypoint_follower_demo) by extension 'ignore'
[4.525s] Level 1:colcon.colcon_core.package_identification:_identify(src/nav2_gps_waypoint_follower_demo) by extension 'ignore_ament_install'
[4.526s] Level 1:colcon.colcon_core.package_identification:_identify(src/nav2_gps_waypoint_follower_demo) by extensions ['colcon_pkg']
[4.526s] Level 1:colcon.colcon_core.package_identification:_identify(src/nav2_gps_waypoint_follower_demo) by extension 'colcon_pkg'
[4.526s] Level 1:colcon.colcon_core.package_identification:_identify(src/nav2_gps_waypoint_follower_demo) by extensions ['colcon_meta']
[4.526s] Level 1:colcon.colcon_core.package_identification:_identify(src/nav2_gps_waypoint_follower_demo) by extension 'colcon_meta'
[4.527s] Level 1:colcon.colcon_core.package_identification:_identify(src/nav2_gps_waypoint_follower_demo) by extensions ['ros']
[4.527s] Level 1:colcon.colcon_core.package_identification:_identify(src/nav2_gps_waypoint_follower_demo) by extension 'ros'
[4.532s] DEBUG:colcon.colcon_core.package_identification:Package 'src/nav2_gps_waypoint_follower_demo' with type 'ros.ament_python' and name 'nav2_gps_waypoint_follower_demo'
[4.533s] Level 1:colcon.colcon_core.package_identification:_identify(src/serial) by extensions ['ignore', 'ignore_ament_install']
[4.533s] Level 1:colcon.colcon_core.package_identification:_identify(src/serial) by extension 'ignore'
[4.533s] Level 1:colcon.colcon_core.package_identification:_identify(src/serial) by extension 'ignore_ament_install'
[4.534s] Level 1:colcon.colcon_core.package_identification:_identify(src/serial) by extensions ['colcon_pkg']
[4.534s] Level 1:colcon.colcon_core.package_identification:_identify(src/serial) by extension 'colcon_pkg'
[4.534s] Level 1:colcon.colcon_core.package_identification:_identify(src/serial) by extensions ['colcon_meta']
[4.534s] Level 1:colcon.colcon_core.package_identification:_identify(src/serial) by extension 'colcon_meta'
[4.535s] Level 1:colcon.colcon_core.package_identification:_identify(src/serial) by extensions ['ros']
[4.535s] Level 1:colcon.colcon_core.package_identification:_identify(src/serial) by extension 'ros'
[4.538s] DEBUG:colcon.colcon_core.package_identification:Package 'src/serial' with type 'ros.ament_cmake' and name 'serial'
[4.538s] Level 1:colcon.colcon_core.package_discovery:discover_packages(recursive) using defaults
[4.539s] Level 1:colcon.colcon_core.package_discovery:discover_packages(ignore) discover
[4.539s] Level 1:colcon.colcon_core.package_discovery:discover_packages(ignore) using defaults
[4.539s] Level 1:colcon.colcon_core.package_discovery:discover_packages(path) discover
[4.539s] Level 1:colcon.colcon_core.package_discovery:discover_packages(path) using defaults
[4.855s] Level 5:colcon.colcon_core.verb:set package 'deserb' build argument 'cmake_args' from command line to 'None'
[4.855s] Level 5:colcon.colcon_core.verb:set package 'deserb' build argument 'cmake_target' from command line to 'None'
[4.855s] Level 5:colcon.colcon_core.verb:set package 'deserb' build argument 'cmake_target_skip_unavailable' from command line to 'False'
[4.855s] Level 5:colcon.colcon_core.verb:set package 'deserb' build argument 'cmake_clean_cache' from command line to 'False'
[4.855s] Level 5:colcon.colcon_core.verb:set package 'deserb' build argument 'cmake_clean_first' from command line to 'False'
[4.855s] Level 5:colcon.colcon_core.verb:set package 'deserb' build argument 'cmake_force_configure' from command line to 'False'
[4.856s] Level 5:colcon.colcon_core.verb:set package 'deserb' build argument 'ament_cmake_args' from command line to 'None'
[4.856s] Level 5:colcon.colcon_core.verb:set package 'deserb' build argument 'catkin_cmake_args' from command line to 'None'
[4.856s] Level 5:colcon.colcon_core.verb:set package 'deserb' build argument 'catkin_skip_building_tests' from command line to 'False'
[4.856s] DEBUG:colcon.colcon_core.verb:Building package 'deserb' with the following arguments: {'ament_cmake_args': None, 'build_base': '/home/navigation/build/deserb', 'catkin_cmake_args': None, 'catkin_skip_building_tests': False, 'cmake_args': None, 'cmake_clean_cache': False, 'cmake_clean_first': False, 'cmake_force_configure': False, 'cmake_target': None, 'cmake_target_skip_unavailable': False, 'install_base': '/home/navigation/install/deserb', 'merge_install': False, 'path': '/home/navigation/src/deserb', 'symlink_install': True, 'test_result_base': None}
[4.907s] Level 5:colcon.colcon_core.verb:set package 'nav2_gps_waypoint_follower_demo' build argument 'cmake_args' from command line to 'None'
[4.907s] Level 5:colcon.colcon_core.verb:set package 'nav2_gps_waypoint_follower_demo' build argument 'cmake_target' from command line to 'None'
[4.908s] Level 5:colcon.colcon_core.verb:set package 'nav2_gps_waypoint_follower_demo' build argument 'cmake_target_skip_unavailable' from command line to 'False'
[4.908s] Level 5:colcon.colcon_core.verb:set package 'nav2_gps_waypoint_follower_demo' build argument 'cmake_clean_cache' from command line to 'False'
[4.908s] Level 5:colcon.colcon_core.verb:set package 'nav2_gps_waypoint_follower_demo' build argument 'cmake_clean_first' from command line to 'False'
[4.908s] Level 5:colcon.colcon_core.verb:set package 'nav2_gps_waypoint_follower_demo' build argument 'cmake_force_configure' from command line to 'False'
[4.908s] Level 5:colcon.colcon_core.verb:set package 'nav2_gps_waypoint_follower_demo' build argument 'ament_cmake_args' from command line to 'None'
[4.909s] Level 5:colcon.colcon_core.verb:set package 'nav2_gps_waypoint_follower_demo' build argument 'catkin_cmake_args' from command line to 'None'
[4.909s] Level 5:colcon.colcon_core.verb:set package 'nav2_gps_waypoint_follower_demo' build argument 'catkin_skip_building_tests' from command line to 'False'
[4.909s] DEBUG:colcon.colcon_core.verb:Building package 'nav2_gps_waypoint_follower_demo' with the following arguments: {'ament_cmake_args': None, 'build_base': '/home/navigation/build/nav2_gps_waypoint_follower_demo', 'catkin_cmake_args': None, 'catkin_skip_building_tests': False, 'cmake_args': None, 'cmake_clean_cache': False, 'cmake_clean_first': False, 'cmake_force_configure': False, 'cmake_target': None, 'cmake_target_skip_unavailable': False, 'install_base': '/home/navigation/install/nav2_gps_waypoint_follower_demo', 'merge_install': False, 'path': '/home/navigation/src/nav2_gps_waypoint_follower_demo', 'symlink_install': True, 'test_result_base': None}
[4.958s] Level 5:colcon.colcon_core.verb:set package 'serial' build argument 'cmake_args' from command line to 'None'
[4.959s] Level 5:colcon.colcon_core.verb:set package 'serial' build argument 'cmake_target' from command line to 'None'
[4.964s] Level 5:colcon.colcon_core.verb:set package 'serial' build argument 'cmake_target_skip_unavailable' from command line to 'False'
[4.964s] Level 5:colcon.colcon_core.verb:set package 'serial' build argument 'cmake_clean_cache' from command line to 'False'
[4.964s] Level 5:colcon.colcon_core.verb:set package 'serial' build argument 'cmake_clean_first' from command line to 'False'
[4.965s] Level 5:colcon.colcon_core.verb:set package 'serial' build argument 'cmake_force_configure' from command line to 'False'
[4.965s] Level 5:colcon.colcon_core.verb:set package 'serial' build argument 'ament_cmake_args' from command line to 'None'
[4.965s] Level 5:colcon.colcon_core.verb:set package 'serial' build argument 'catkin_cmake_args' from command line to 'None'
[4.965s] Level 5:colcon.colcon_core.verb:set package 'serial' build argument 'catkin_skip_building_tests' from command line to 'False'
[4.965s] DEBUG:colcon.colcon_core.verb:Building package 'serial' with the following arguments: {'ament_cmake_args': None, 'build_base': '/home/navigation/build/serial', 'catkin_cmake_args': None, 'catkin_skip_building_tests': False, 'cmake_args': None, 'cmake_clean_cache': False, 'cmake_clean_first': False, 'cmake_force_configure': False, 'cmake_target': None, 'cmake_target_skip_unavailable': False, 'install_base': '/home/navigation/install/serial', 'merge_install': False, 'path': '/home/navigation/src/serial', 'symlink_install': True, 'test_result_base': None}
