running develop
/usr/lib/python3/dist-packages/setuptools/command/easy_install.py:158: EasyInstallDeprecationWarning: easy_install command is deprecated. Use build and pip and other standards-based tools.
  warnings.warn(
/usr/lib/python3/dist-packages/setuptools/command/install.py:34: SetuptoolsDeprecationWarning: setup.py install is deprecated. Use build and pip and other standards-based tools.
  warnings.warn(
running egg_info
creating nav2_gps_waypoint_follower_demo.egg-info
writing nav2_gps_waypoint_follower_demo.egg-info/PKG-INFO
writing dependency_links to nav2_gps_waypoint_follower_demo.egg-info/dependency_links.txt
writing entry points to nav2_gps_waypoint_follower_demo.egg-info/entry_points.txt
writing requirements to nav2_gps_waypoint_follower_demo.egg-info/requires.txt
writing top-level names to nav2_gps_waypoint_follower_demo.egg-info/top_level.txt
writing manifest file 'nav2_gps_waypoint_follower_demo.egg-info/SOURCES.txt'
reading manifest file 'nav2_gps_waypoint_follower_demo.egg-info/SOURCES.txt'
writing manifest file 'nav2_gps_waypoint_follower_demo.egg-info/SOURCES.txt'
running build_ext
Creating /home/navigation/install/nav2_gps_waypoint_follower_demo/lib/python3.10/site-packages/nav2-gps-waypoint-follower-demo.egg-link (link to .)
Installing gps_waypoint_logger script to /home/navigation/install/nav2_gps_waypoint_follower_demo/lib/nav2_gps_waypoint_follower_demo
Installing interactive_waypoint_follower script to /home/navigation/install/nav2_gps_waypoint_follower_demo/lib/nav2_gps_waypoint_follower_demo
Installing logged_waypoint_follower script to /home/navigation/install/nav2_gps_waypoint_follower_demo/lib/nav2_gps_waypoint_follower_demo
Installing read_db script to /home/navigation/install/nav2_gps_waypoint_follower_demo/lib/nav2_gps_waypoint_follower_demo

Installed /home/navigation/build/nav2_gps_waypoint_follower_demo
running install_data
creating /home/navigation/install/nav2_gps_waypoint_follower_demo/share/ament_index
creating /home/navigation/install/nav2_gps_waypoint_follower_demo/share/ament_index/resource_index
creating /home/navigation/install/nav2_gps_waypoint_follower_demo/share/ament_index/resource_index/packages
copying resource/nav2_gps_waypoint_follower_demo -> /home/navigation/install/nav2_gps_waypoint_follower_demo/share/ament_index/resource_index/packages
copying package.xml -> /home/navigation/install/nav2_gps_waypoint_follower_demo/share/nav2_gps_waypoint_follower_demo
creating /home/navigation/install/nav2_gps_waypoint_follower_demo/share/nav2_gps_waypoint_follower_demo/launch
copying launch/ggazebo_gps_world.launch.py -> /home/navigation/install/nav2_gps_waypoint_follower_demo/share/nav2_gps_waypoint_follower_demo/launch
copying launch/dual_ekf_navsat.launch.py -> /home/navigation/install/nav2_gps_waypoint_follower_demo/share/nav2_gps_waypoint_follower_demo/launch
copying launch/gazebo_gps_world.launch.py -> /home/navigation/install/nav2_gps_waypoint_follower_demo/share/nav2_gps_waypoint_follower_demo/launch
copying launch/gps_waypoint_follower.launch.py -> /home/navigation/install/nav2_gps_waypoint_follower_demo/share/nav2_gps_waypoint_follower_demo/launch
copying launch/mapviz.launch.py -> /home/navigation/install/nav2_gps_waypoint_follower_demo/share/nav2_gps_waypoint_follower_demo/launch
creating /home/navigation/install/nav2_gps_waypoint_follower_demo/share/nav2_gps_waypoint_follower_demo/config
copying config/gps_wpf_demo.mvc -> /home/navigation/install/nav2_gps_waypoint_follower_demo/share/nav2_gps_waypoint_follower_demo/config
copying config/nav2_no_map_params.yaml -> /home/navigation/install/nav2_gps_waypoint_follower_demo/share/nav2_gps_waypoint_follower_demo/config
copying config/dual_ekf_navsat_params.yaml -> /home/navigation/install/nav2_gps_waypoint_follower_demo/share/nav2_gps_waypoint_follower_demo/config
copying config/demo_waypoints.yaml -> /home/navigation/install/nav2_gps_waypoint_follower_demo/share/nav2_gps_waypoint_follower_demo/config
creating /home/navigation/install/nav2_gps_waypoint_follower_demo/share/nav2_gps_waypoint_follower_demo/urdf
copying urdf/turtlebot3_waffle_gps.urdf -> /home/navigation/install/nav2_gps_waypoint_follower_demo/share/nav2_gps_waypoint_follower_demo/urdf
creating /home/navigation/install/nav2_gps_waypoint_follower_demo/share/nav2_gps_waypoint_follower_demo/worlds
copying worlds/sonoma_raceway.world -> /home/navigation/install/nav2_gps_waypoint_follower_demo/share/nav2_gps_waypoint_follower_demo/worlds
creating /home/navigation/install/nav2_gps_waypoint_follower_demo/share/nav2_gps_waypoint_follower_demo/models
creating /home/navigation/install/nav2_gps_waypoint_follower_demo/share/nav2_gps_waypoint_follower_demo/models/turtlebot_waffle_gps
copying models/turtlebot_waffle_gps/model.sdf -> /home/navigation/install/nav2_gps_waypoint_follower_demo/share/nav2_gps_waypoint_follower_demo/models/turtlebot_waffle_gps
copying models/turtlebot_waffle_gps/model.config -> /home/navigation/install/nav2_gps_waypoint_follower_demo/share/nav2_gps_waypoint_follower_demo/models/turtlebot_waffle_gps
