[4.441s] Invoking command in '/home/navigation/build/nav2_gps_waypoint_follower_demo': PYTHONPATH=/home/navigation/build/nav2_gps_waypoint_follower_demo/prefix_override:/home/navigation/install/nav2_gps_waypoint_follower_demo/lib/python3.10/site-packages:${PYTHONPATH} /usr/bin/python3 setup.py develop --editable --build-directory /home/navigation/build/nav2_gps_waypoint_follower_demo/build --no-deps install_data
[7.064s] running develop
[7.066s] /usr/lib/python3/dist-packages/setuptools/command/easy_install.py:158: EasyInstallDeprecationWarning: easy_install command is deprecated. Use build and pip and other standards-based tools.
[7.066s]   warnings.warn(
[7.076s] /usr/lib/python3/dist-packages/setuptools/command/install.py:34: SetuptoolsDeprecationWarning: setup.py install is deprecated. Use build and pip and other standards-based tools.
[7.076s]   warnings.warn(
[8.779s] running egg_info
[8.780s] creating nav2_gps_waypoint_follower_demo.egg-info
[8.782s] writing nav2_gps_waypoint_follower_demo.egg-info/PKG-INFO
[8.784s] writing dependency_links to nav2_gps_waypoint_follower_demo.egg-info/dependency_links.txt
[8.787s] writing entry points to nav2_gps_waypoint_follower_demo.egg-info/entry_points.txt
[8.788s] writing requirements to nav2_gps_waypoint_follower_demo.egg-info/requires.txt
[8.790s] writing top-level names to nav2_gps_waypoint_follower_demo.egg-info/top_level.txt
[8.792s] writing manifest file 'nav2_gps_waypoint_follower_demo.egg-info/SOURCES.txt'
[8.804s] reading manifest file 'nav2_gps_waypoint_follower_demo.egg-info/SOURCES.txt'
[8.810s] writing manifest file 'nav2_gps_waypoint_follower_demo.egg-info/SOURCES.txt'
[8.818s] running build_ext
[8.820s] Creating /home/navigation/install/nav2_gps_waypoint_follower_demo/lib/python3.10/site-packages/nav2-gps-waypoint-follower-demo.egg-link (link to .)
[8.826s] Installing gps_waypoint_logger script to /home/navigation/install/nav2_gps_waypoint_follower_demo/lib/nav2_gps_waypoint_follower_demo
[8.828s] Installing interactive_waypoint_follower script to /home/navigation/install/nav2_gps_waypoint_follower_demo/lib/nav2_gps_waypoint_follower_demo
[8.830s] Installing logged_waypoint_follower script to /home/navigation/install/nav2_gps_waypoint_follower_demo/lib/nav2_gps_waypoint_follower_demo
[8.832s] Installing read_db script to /home/navigation/install/nav2_gps_waypoint_follower_demo/lib/nav2_gps_waypoint_follower_demo
[8.834s] 
[8.835s] Installed /home/navigation/build/nav2_gps_waypoint_follower_demo
[8.836s] running install_data
[8.838s] creating /home/navigation/install/nav2_gps_waypoint_follower_demo/share/ament_index
[8.839s] creating /home/navigation/install/nav2_gps_waypoint_follower_demo/share/ament_index/resource_index
[8.840s] creating /home/navigation/install/nav2_gps_waypoint_follower_demo/share/ament_index/resource_index/packages
[8.842s] copying resource/nav2_gps_waypoint_follower_demo -> /home/navigation/install/nav2_gps_waypoint_follower_demo/share/ament_index/resource_index/packages
[8.844s] copying package.xml -> /home/navigation/install/nav2_gps_waypoint_follower_demo/share/nav2_gps_waypoint_follower_demo
[8.846s] creating /home/navigation/install/nav2_gps_waypoint_follower_demo/share/nav2_gps_waypoint_follower_demo/launch
[8.847s] copying launch/ggazebo_gps_world.launch.py -> /home/navigation/install/nav2_gps_waypoint_follower_demo/share/nav2_gps_waypoint_follower_demo/launch
[8.849s] copying launch/dual_ekf_navsat.launch.py -> /home/navigation/install/nav2_gps_waypoint_follower_demo/share/nav2_gps_waypoint_follower_demo/launch
[8.852s] copying launch/gazebo_gps_world.launch.py -> /home/navigation/install/nav2_gps_waypoint_follower_demo/share/nav2_gps_waypoint_follower_demo/launch
[8.854s] copying launch/gps_waypoint_follower.launch.py -> /home/navigation/install/nav2_gps_waypoint_follower_demo/share/nav2_gps_waypoint_follower_demo/launch
[8.856s] copying launch/mapviz.launch.py -> /home/navigation/install/nav2_gps_waypoint_follower_demo/share/nav2_gps_waypoint_follower_demo/launch
[8.860s] creating /home/navigation/install/nav2_gps_waypoint_follower_demo/share/nav2_gps_waypoint_follower_demo/config
[8.862s] copying config/gps_wpf_demo.mvc -> /home/navigation/install/nav2_gps_waypoint_follower_demo/share/nav2_gps_waypoint_follower_demo/config
[8.866s] copying config/nav2_no_map_params.yaml -> /home/navigation/install/nav2_gps_waypoint_follower_demo/share/nav2_gps_waypoint_follower_demo/config
[8.868s] copying config/dual_ekf_navsat_params.yaml -> /home/navigation/install/nav2_gps_waypoint_follower_demo/share/nav2_gps_waypoint_follower_demo/config
[8.871s] copying config/demo_waypoints.yaml -> /home/navigation/install/nav2_gps_waypoint_follower_demo/share/nav2_gps_waypoint_follower_demo/config
[8.873s] creating /home/navigation/install/nav2_gps_waypoint_follower_demo/share/nav2_gps_waypoint_follower_demo/urdf
[8.875s] copying urdf/turtlebot3_waffle_gps.urdf -> /home/navigation/install/nav2_gps_waypoint_follower_demo/share/nav2_gps_waypoint_follower_demo/urdf
[8.877s] creating /home/navigation/install/nav2_gps_waypoint_follower_demo/share/nav2_gps_waypoint_follower_demo/worlds
[8.879s] copying worlds/sonoma_raceway.world -> /home/navigation/install/nav2_gps_waypoint_follower_demo/share/nav2_gps_waypoint_follower_demo/worlds
[8.881s] creating /home/navigation/install/nav2_gps_waypoint_follower_demo/share/nav2_gps_waypoint_follower_demo/models
[8.882s] creating /home/navigation/install/nav2_gps_waypoint_follower_demo/share/nav2_gps_waypoint_follower_demo/models/turtlebot_waffle_gps
[8.884s] copying models/turtlebot_waffle_gps/model.sdf -> /home/navigation/install/nav2_gps_waypoint_follower_demo/share/nav2_gps_waypoint_follower_demo/models/turtlebot_waffle_gps
[8.887s] copying models/turtlebot_waffle_gps/model.config -> /home/navigation/install/nav2_gps_waypoint_follower_demo/share/nav2_gps_waypoint_follower_demo/models/turtlebot_waffle_gps
[9.063s] Invoked command in '/home/navigation/build/nav2_gps_waypoint_follower_demo' returned '0': PYTHONPATH=/home/navigation/build/nav2_gps_waypoint_follower_demo/prefix_override:/home/navigation/install/nav2_gps_waypoint_follower_demo/lib/python3.10/site-packages:${PYTHONPATH} /usr/bin/python3 setup.py develop --editable --build-directory /home/navigation/build/nav2_gps_waypoint_follower_demo/build --no-deps install_data
